This is pdfTeX, Version 3.1415926-2.3-1.40.12 (MiKTeX 2.9 64-bit) (preloaded format=pdflatex 2016.5.9)  24 MAY 2016 14:47
entering extended mode
**Report.tex
("D:\Box Sync\EasyLatexTemplate\EasyLatexTemplate\Report.tex"
LaTeX2e <2011/06/27>
Babel <v3.8m> and hyphenation patterns for english, afrikaans, ancientgreek, ar
abic, armenian, assamese, basque, bengali, bokmal, bulgarian, catalan, coptic, 
croatian, czech, danish, dutch, esperanto, estonian, farsi, finnish, french, ga
lician, german, german-x-2009-06-19, greek, gujarati, hindi, hungarian, iceland
ic, indonesian, interlingua, irish, italian, kannada, kurmanji, lao, latin, lat
vian, lithuanian, malayalam, marathi, mongolian, mongolianlmc, monogreek, ngerm
an, ngerman-x-2009-06-19, nynorsk, oriya, panjabi, pinyin, polish, portuguese, 
romanian, russian, sanskrit, serbian, slovak, slovenian, spanish, swedish, swis
sgerman, tamil, telugu, turkish, turkmen, ukenglish, ukrainian, uppersorbian, u
senglishmax, welsh, loaded.
("D:\Box Sync\EasyLatexTemplate\EasyLatexTemplate\icldt.cls"
Document Class: icldt 2011/01/29 v2.0 Imperial College London Dissertation Temp
late
("D:\Box Sync\EasyLatexTemplate\EasyLatexTemplate\scrreprt.cls"
Document Class: scrreprt 2015/10/03 v3.19a KOMA-Script document class (report)
("D:\Program Files\MiKTeX 2.9\tex\latex\koma-script\scrkbase.sty"
Package: scrkbase 2015/10/03 v3.19a KOMA-Script package (KOMA-Script-dependent 
basics and keyval usage)

("D:\Program Files\MiKTeX 2.9\tex\latex\koma-script\scrbase.sty"
Package: scrbase 2015/10/03 v3.19a KOMA-Script package (KOMA-Script-independent
 basics and keyval usage)

("D:\Program Files\MiKTeX 2.9\tex\latex\graphics\keyval.sty"
Package: keyval 1999/03/16 v1.13 key=value parser (DPC)
\KV@toks@=\toks14
)
("D:\Program Files\MiKTeX 2.9\tex\latex\koma-script\scrlfile.sty"
Package: scrlfile 2015/10/03 v3.19a KOMA-Script package (loading files)

Package scrlfile, 2015/10/03 v3.19a KOMA-Script package (loading files)
                  Copyright (C) Markus Kohm

))) ("D:\Program Files\MiKTeX 2.9\tex\latex\koma-script\tocbasic.sty"
Package: tocbasic 2015/10/03 v3.19a KOMA-Script package (handling toc-files)
)
Package tocbasic Info: omitting babel extension for `toc'
(tocbasic)             because of feature `nobabel' available
(tocbasic)             for `toc' on input line 125.
Package tocbasic Info: omitting babel extension for `lof'
(tocbasic)             because of feature `nobabel' available
(tocbasic)             for `lof' on input line 126.
Package tocbasic Info: omitting babel extension for `lot'
(tocbasic)             because of feature `nobabel' available
(tocbasic)             for `lot' on input line 127.
Package tocbasic Info: defining new hook before heading of `' on input line 158
8.
Package scrreprt Info: You've used standard option `11pt'.
(scrreprt)             This is correct!
(scrreprt)             Internally I'm using `fontsize=11pt'.
(scrreprt)             If you'd like to set the option with \KOMAoptions,
(scrreprt)             you'd have to use `fontsize=11pt' there
(scrreprt)             instead of `11pt', too.
Class scrreprt Info: You've used standard option `oneside'.
(scrreprt)           This is correct!
(scrreprt)           Internally I'm using `twoside=false'.
(scrreprt)           If you'd like to set the option with \KOMAoptions,
(scrreprt)           you'd have to use `twoside=false' there
(scrreprt)           instead of `oneside', too.
Class scrreprt Info: File `scrsize11pt.clo' used to setup font sizes on input l
ine 2248.

("D:\Program Files\MiKTeX 2.9\tex\latex\koma-script\scrsize11pt.clo"
File: scrsize11pt.clo 2015/10/03 v3.19a KOMA-Script font size class option (11p
t)
)
("D:\Program Files\MiKTeX 2.9\tex\latex\koma-script\typearea.sty"
Package: typearea 2015/10/03 v3.19a KOMA-Script package (type area)

Package typearea, 2015/10/03 v3.19a KOMA-Script package (type area)
                  Copyright (C) Frank Neukam, 1992-1994
                  Copyright (C) Markus Kohm, 1994-

\ta@bcor=\skip41
\ta@div=\count79
\ta@hblk=\skip42
\ta@vblk=\skip43
\ta@temp=\skip44
\footheight=\skip45
Package typearea Info: These are the values describing the layout:
(typearea)             DIV  = 10
(typearea)             BCOR = 0.0pt
(typearea)             \paperwidth      = 597.50793pt
(typearea)              \textwidth      = 418.25555pt
(typearea)              DIV departure   = -6%
(typearea)              \evensidemargin = 17.3562pt
(typearea)              \oddsidemargin  = 17.3562pt
(typearea)             \paperheight     = 845.04694pt
(typearea)              \textheight     = 595.80026pt
(typearea)              \topmargin      = -25.16531pt
(typearea)              \headheight     = 17.0pt
(typearea)              \headsep        = 20.40001pt
(typearea)              \topskip        = 11.0pt
(typearea)              \footskip       = 47.6pt
(typearea)              \baselineskip   = 13.6pt
(typearea)              on input line 1509.
)
\c@part=\count80
\c@chapter=\count81
\c@section=\count82
\c@subsection=\count83
\c@subsubsection=\count84
\c@paragraph=\count85
\c@subparagraph=\count86
\abovecaptionskip=\skip46
\belowcaptionskip=\skip47
\c@pti@nb@sid@b@x=\box26
\c@figure=\count87
\c@table=\count88
\bibindent=\dimen102
) ("D:\Program Files\MiKTeX 2.9\tex\latex\setspace\setspace.sty"
Package: setspace 2011/12/19 v6.7a set line spacing
)
("D:\Program Files\MiKTeX 2.9\tex\latex\geometry\geometry.sty"
Package: geometry 2010/09/12 v5.6 Page Geometry

("D:\Program Files\MiKTeX 2.9\tex\generic\oberdiek\ifpdf.sty"
Package: ifpdf 2011/01/30 v2.3 Provides the ifpdf switch (HO)
Package ifpdf Info: pdfTeX in PDF mode is detected.
)
("D:\Program Files\MiKTeX 2.9\tex\generic\oberdiek\ifvtex.sty"
Package: ifvtex 2010/03/01 v1.5 Detect VTeX and its facilities (HO)
Package ifvtex Info: VTeX not detected.
)
("D:\Program Files\MiKTeX 2.9\tex\generic\ifxetex\ifxetex.sty"
Package: ifxetex 2010/09/12 v0.6 Provides ifxetex conditional
)
\Gm@cnth=\count89
\Gm@cntv=\count90
\c@Gm@tempcnt=\count91
\Gm@bindingoffset=\dimen103
\Gm@wd@mp=\dimen104
\Gm@odd@mp=\dimen105
\Gm@even@mp=\dimen106
\Gm@layoutwidth=\dimen107
\Gm@layoutheight=\dimen108
\Gm@layouthoffset=\dimen109
\Gm@layoutvoffset=\dimen110
\Gm@dimlist=\toks15

("D:\Program Files\MiKTeX 2.9\tex\latex\geometry\geometry.cfg"))
Package scrkbase Info: You've told me to redefine the font selection of the
(scrkbase)             element `sectioning' that is an alias of element
(scrkbase)             `disposition' on input line 99.
)
("D:\Program Files\MiKTeX 2.9\tex\generic\babel\babel.sty"
Package: babel 2008/07/08 v3.8m The Babel package

*************************************
* Local config file bblopts.cfg used
*
("D:\Program Files\MiKTeX 2.9\tex\latex\00miktex\bblopts.cfg"
File: bblopts.cfg 2006/07/31 v1.0 MiKTeX 'babel' configuration
)
("D:\Program Files\MiKTeX 2.9\tex\latex\babel-english\english.ldf"
Language: english 2012/08/20 v3.3p English support from the babel system

("D:\Program Files\MiKTeX 2.9\tex\generic\babel\babel.def"
File: babel.def 2008/07/08 v3.8m Babel common definitions
\babel@savecnt=\count92
\U@D=\dimen111
)
\l@canadian = a dialect from \language\l@american 
\l@australian = a dialect from \language\l@british 
\l@newzealand = a dialect from \language\l@british 
))
("D:\Program Files\MiKTeX 2.9\tex\latex\graphics\graphicx.sty"
Package: graphicx 1999/02/16 v1.0f Enhanced LaTeX Graphics (DPC,SPQR)

("D:\Program Files\MiKTeX 2.9\tex\latex\graphics\graphics.sty"
Package: graphics 2009/02/05 v1.0o Standard LaTeX Graphics (DPC,SPQR)

("D:\Program Files\MiKTeX 2.9\tex\latex\graphics\trig.sty"
Package: trig 1999/03/16 v1.09 sin cos tan (DPC)
)
("D:\Program Files\MiKTeX 2.9\tex\latex\00miktex\graphics.cfg"
File: graphics.cfg 2007/01/18 v1.5 graphics configuration of teTeX/TeXLive
)
Package graphics Info: Driver file: pdftex.def on input line 91.

("D:\Program Files\MiKTeX 2.9\tex\latex\pdftex-def\pdftex.def"
File: pdftex.def 2011/05/27 v0.06d Graphics/color for pdfTeX

("D:\Program Files\MiKTeX 2.9\tex\generic\oberdiek\infwarerr.sty"
Package: infwarerr 2010/04/08 v1.3 Providing info/warning/error messages (HO)
)
("D:\Program Files\MiKTeX 2.9\tex\generic\oberdiek\ltxcmds.sty"
Package: ltxcmds 2011/11/09 v1.22 LaTeX kernel commands for general use (HO)
)
\Gread@gobject=\count93
))
\Gin@req@height=\dimen112
\Gin@req@width=\dimen113
)
("D:\Program Files\MiKTeX 2.9\tex\latex\ams\math\amsmath.sty"
Package: amsmath 2000/07/18 v2.13 AMS math features
\@mathmargin=\skip48

For additional information on amsmath, use the `?' option.
("D:\Program Files\MiKTeX 2.9\tex\latex\ams\math\amstext.sty"
Package: amstext 2000/06/29 v2.01

("D:\Program Files\MiKTeX 2.9\tex\latex\ams\math\amsgen.sty"
File: amsgen.sty 1999/11/30 v2.0
\@emptytoks=\toks16
\ex@=\dimen114
))
("D:\Program Files\MiKTeX 2.9\tex\latex\ams\math\amsbsy.sty"
Package: amsbsy 1999/11/29 v1.2d
\pmbraise@=\dimen115
)
("D:\Program Files\MiKTeX 2.9\tex\latex\ams\math\amsopn.sty"
Package: amsopn 1999/12/14 v2.01 operator names
)
\inf@bad=\count94
LaTeX Info: Redefining \frac on input line 211.
\uproot@=\count95
\leftroot@=\count96
LaTeX Info: Redefining \overline on input line 307.
\classnum@=\count97
\DOTSCASE@=\count98
LaTeX Info: Redefining \ldots on input line 379.
LaTeX Info: Redefining \dots on input line 382.
LaTeX Info: Redefining \cdots on input line 467.
\Mathstrutbox@=\box27
\strutbox@=\box28
\big@size=\dimen116
LaTeX Font Info:    Redeclaring font encoding OML on input line 567.
LaTeX Font Info:    Redeclaring font encoding OMS on input line 568.
\macc@depth=\count99
\c@MaxMatrixCols=\count100
\dotsspace@=\muskip10
\c@parentequation=\count101
\dspbrk@lvl=\count102
\tag@help=\toks17
\row@=\count103
\column@=\count104
\maxfields@=\count105
\andhelp@=\toks18
\eqnshift@=\dimen117
\alignsep@=\dimen118
\tagshift@=\dimen119
\tagwidth@=\dimen120
\totwidth@=\dimen121
\lineht@=\dimen122
\@envbody=\toks19
\multlinegap=\skip49
\multlinetaggap=\skip50
\mathdisplay@stack=\toks20
LaTeX Info: Redefining \[ on input line 2666.
LaTeX Info: Redefining \] on input line 2667.
)
("D:\Program Files\MiKTeX 2.9\tex\latex\oberdiek\epstopdf.sty"
Package: epstopdf 2010/02/09 v2.5 Conversion with epstopdf on the fly (HO)

("D:\Program Files\MiKTeX 2.9\tex\latex\oberdiek\epstopdf-base.sty"
Package: epstopdf-base 2010/02/09 v2.5 Base part for package epstopdf

("D:\Program Files\MiKTeX 2.9\tex\latex\oberdiek\grfext.sty"
Package: grfext 2010/08/19 v1.1 Manage graphics extensions (HO)

("D:\Program Files\MiKTeX 2.9\tex\generic\oberdiek\kvdefinekeys.sty"
Package: kvdefinekeys 2011/04/07 v1.3 Define keys (HO)
))
("D:\Program Files\MiKTeX 2.9\tex\latex\oberdiek\kvoptions.sty"
Package: kvoptions 2011/06/30 v3.11 Key value format for package options (HO)

("D:\Program Files\MiKTeX 2.9\tex\generic\oberdiek\kvsetkeys.sty"
Package: kvsetkeys 2012/04/25 v1.16 Key value parser (HO)

("D:\Program Files\MiKTeX 2.9\tex\generic\oberdiek\etexcmds.sty"
Package: etexcmds 2011/02/16 v1.5 Avoid name clashes with e-TeX commands (HO)

("D:\Program Files\MiKTeX 2.9\tex\generic\oberdiek\ifluatex.sty"
Package: ifluatex 2010/03/01 v1.3 Provides the ifluatex switch (HO)
Package ifluatex Info: LuaTeX not detected.
)
Package etexcmds Info: Could not find \expanded.
(etexcmds)             That can mean that you are not using pdfTeX 1.50 or
(etexcmds)             that some package has redefined \expanded.
(etexcmds)             In the latter case, load this package earlier.
)))
("D:\Program Files\MiKTeX 2.9\tex\generic\oberdiek\pdftexcmds.sty"
Package: pdftexcmds 2011/11/29 v0.20 Utility functions of pdfTeX for LuaTeX (HO
)
Package pdftexcmds Info: LuaTeX not detected.
Package pdftexcmds Info: \pdf@primitive is available.
Package pdftexcmds Info: \pdf@ifprimitive is available.
Package pdftexcmds Info: \pdfdraftmode found.
)
Package grfext Info: Graphics extension search list:
(grfext)             [.png,.pdf,.jpg,.mps,.jpeg,.jbig2,.jb2,.PNG,.PDF,.JPG,.JPE
G,.JBIG2,.JB2,.eps]
(grfext)             \AppendGraphicsExtensions on input line 452.
))
("D:\Program Files\MiKTeX 2.9\tex\latex\bbm\bbm.sty"
Package: bbm 1999/03/15 V 1.2 provides fonts for set symbols - TH
LaTeX Font Info:    Overwriting math alphabet `\mathbbm' in version `bold'
(Font)                  U/bbm/m/n --> U/bbm/bx/n on input line 33.
LaTeX Font Info:    Overwriting math alphabet `\mathbbmss' in version `bold'
(Font)                  U/bbmss/m/n --> U/bbmss/bx/n on input line 35.
)
("D:\Program Files\MiKTeX 2.9\tex\latex\rotating\rotating.sty"
Package: rotating 2009/03/28 v2.16a rotated objects in LaTeX

("D:\Program Files\MiKTeX 2.9\tex\latex\base\ifthen.sty"
Package: ifthen 2001/05/26 v1.1c Standard LaTeX ifthen package (DPC)
)
\c@r@tfl@t=\count106
\rotFPtop=\skip51
\rotFPbot=\skip52
\rot@float@box=\box29
\rot@mess@toks=\toks21
)
("D:\Program Files\MiKTeX 2.9\tex\latex\mathtools\mathtools.sty"
Package: mathtools 2015/11/12 v1.18 mathematical typesetting tools

("D:\Program Files\MiKTeX 2.9\tex\latex\tools\calc.sty"
Package: calc 2014/10/28 v4.3 Infix arithmetic (KKT,FJ)
\calc@Acount=\count107
\calc@Bcount=\count108
\calc@Adimen=\dimen123
\calc@Bdimen=\dimen124
\calc@Askip=\skip53
\calc@Bskip=\skip54
LaTeX Info: Redefining \setlength on input line 80.
LaTeX Info: Redefining \addtolength on input line 81.
\calc@Ccount=\count109
\calc@Cskip=\skip55
)
("D:\Program Files\MiKTeX 2.9\tex\latex\mathtools\mhsetup.sty"
Package: mhsetup 2010/01/21 v1.2a programming setup (MH)
)
LaTeX Info: Thecontrolsequence`\['isalreadyrobust on input line 129.
LaTeX Info: Thecontrolsequence`\]'isalreadyrobust on input line 129.
\g_MT_multlinerow_int=\count110
\l_MT_multwidth_dim=\dimen125
\origjot=\skip56
\l_MT_shortvdotswithinadjustabove_dim=\dimen126
\l_MT_shortvdotswithinadjustbelow_dim=\dimen127
\l_MT_above_intertext_sep=\dimen128
\l_MT_below_intertext_sep=\dimen129
\l_MT_above_shortintertext_sep=\dimen130
\l_MT_below_shortintertext_sep=\dimen131
)
("D:\Program Files\MiKTeX 2.9\tex\latex\tools\verbatim.sty"
Package: verbatim 2014/10/28 v1.5q LaTeX2e package for verbatim enhancements
\every@verbatim=\toks22
\verbatim@line=\toks23
\verbatim@in@stream=\read1
)
("D:\Program Files\MiKTeX 2.9\tex\latex\placeins\placeins.sty"
Package: placeins 2005/04/18  v 2.2
)
("D:\Program Files\MiKTeX 2.9\tex\latex\textgreek\textgreek.sty"
Package: textgreek 2011/10/09 v0.7 Greek symbols in text
Package textgreek Info: Loading the definitions for the Greek fontencoding. on 
input line 39.

("D:\Program Files\MiKTeX 2.9\tex\latex\greek-fontenc\lgrenc.def"
File: lgrenc.def 2015/12/07 v0.13.1 LGR Greek font encoding definitions

("D:\Program Files\MiKTeX 2.9\tex\latex\greek-fontenc\greek-fontenc.def"
File: greek-fontenc.def 2015/08/04 v0.13 Common Greek font encoding definitions

))
Package textgreek Info: Loaded fontmap: {eur/*/*}{U/eur/*/*} {phv/*/*}{U/psy/*/
*}. on input line 69.
)
("D:\Program Files\MiKTeX 2.9\tex\latex\was\fixmath.sty"
Package: fixmath 2000/04/11 v0.9 (WaS)
LaTeX Font Info:    Redeclaring math symbol \Gamma on input line 27.
LaTeX Font Info:    Redeclaring math symbol \Delta on input line 28.
LaTeX Font Info:    Redeclaring math symbol \Theta on input line 29.
LaTeX Font Info:    Redeclaring math symbol \Lambda on input line 30.
LaTeX Font Info:    Redeclaring math symbol \Xi on input line 31.
LaTeX Font Info:    Redeclaring math symbol \Pi on input line 32.
LaTeX Font Info:    Redeclaring math symbol \Sigma on input line 33.
LaTeX Font Info:    Redeclaring math symbol \Upsilon on input line 34.
LaTeX Font Info:    Redeclaring math symbol \Phi on input line 35.
LaTeX Font Info:    Redeclaring math symbol \Psi on input line 36.
LaTeX Font Info:    Redeclaring math symbol \Omega on input line 37.
LaTeX Font Info:    Redeclaring math symbol \alpha on input line 38.
LaTeX Font Info:    Redeclaring math symbol \beta on input line 39.
LaTeX Font Info:    Redeclaring math symbol \gamma on input line 40.
LaTeX Font Info:    Redeclaring math symbol \delta on input line 41.
LaTeX Font Info:    Redeclaring math symbol \epsilon on input line 42.
LaTeX Font Info:    Redeclaring math symbol \zeta on input line 43.
LaTeX Font Info:    Redeclaring math symbol \eta on input line 44.
LaTeX Font Info:    Redeclaring math symbol \theta on input line 45.
LaTeX Font Info:    Redeclaring math symbol \iota on input line 46.
LaTeX Font Info:    Redeclaring math symbol \kappa on input line 47.
LaTeX Font Info:    Redeclaring math symbol \lambda on input line 48.
LaTeX Font Info:    Redeclaring math symbol \mu on input line 49.
LaTeX Font Info:    Redeclaring math symbol \nu on input line 50.
LaTeX Font Info:    Redeclaring math symbol \xi on input line 51.
LaTeX Font Info:    Redeclaring math symbol \pi on input line 52.
LaTeX Font Info:    Redeclaring math symbol \rho on input line 53.
LaTeX Font Info:    Redeclaring math symbol \sigma on input line 54.
LaTeX Font Info:    Redeclaring math symbol \tau on input line 55.
LaTeX Font Info:    Redeclaring math symbol \upsilon on input line 56.
LaTeX Font Info:    Redeclaring math symbol \phi on input line 57.
LaTeX Font Info:    Redeclaring math symbol \chi on input line 58.
LaTeX Font Info:    Redeclaring math symbol \psi on input line 59.
LaTeX Font Info:    Redeclaring math symbol \omega on input line 60.
LaTeX Font Info:    Redeclaring math symbol \varepsilon on input line 61.
LaTeX Font Info:    Redeclaring math symbol \vartheta on input line 62.
LaTeX Font Info:    Redeclaring math symbol \varpi on input line 63.
LaTeX Font Info:    Redeclaring math symbol \varphi on input line 64.
LaTeX Font Info:    Redeclaring math symbol \varrho on input line 65.
LaTeX Font Info:    Redeclaring math symbol \varsigma on input line 66.
)
("D:\Program Files\MiKTeX 2.9\tex\latex\tools\varioref.sty"
Package: varioref 2016/02/16 v1.5c package for extended references (FMi)
\c@vrcnt=\count111
)
("D:\Program Files\MiKTeX 2.9\tex\latex\hyperref\hyperref.sty"
Package: hyperref 2012/05/13 v6.82q Hypertext links for LaTeX

("D:\Program Files\MiKTeX 2.9\tex\generic\oberdiek\hobsub-hyperref.sty"
Package: hobsub-hyperref 2012/04/25 v1.12 Bundle oberdiek, subset hyperref (HO)


("D:\Program Files\MiKTeX 2.9\tex\generic\oberdiek\hobsub-generic.sty"
Package: hobsub-generic 2012/04/25 v1.12 Bundle oberdiek, subset generic (HO)
Package: hobsub 2012/04/25 v1.12 Construct package bundles (HO)
Package hobsub Info: Skipping package `infwarerr' (already loaded).
Package hobsub Info: Skipping package `ltxcmds' (already loaded).
Package hobsub Info: Skipping package `ifluatex' (already loaded).
Package hobsub Info: Skipping package `ifvtex' (already loaded).
Package: intcalc 2007/09/27 v1.1 Expandable calculations with integers (HO)
Package hobsub Info: Skipping package `ifpdf' (already loaded).
Package hobsub Info: Skipping package `etexcmds' (already loaded).
Package hobsub Info: Skipping package `kvsetkeys' (already loaded).
Package hobsub Info: Skipping package `kvdefinekeys' (already loaded).
Package hobsub Info: Skipping package `pdftexcmds' (already loaded).
Package: pdfescape 2011/11/25 v1.13 Implements pdfTeX's escape features (HO)
Package: bigintcalc 2012/04/08 v1.3 Expandable calculations on big integers (HO
)
Package: bitset 2011/01/30 v1.1 Handle bit-vector datatype (HO)
Package: uniquecounter 2011/01/30 v1.2 Provide unlimited unique counter (HO)
)
Package hobsub Info: Skipping package `hobsub' (already loaded).
Package: letltxmacro 2010/09/02 v1.4 Let assignment for LaTeX macros (HO)
Package: hopatch 2011/06/24 v1.1 Wrapper for package hooks (HO)
Package: xcolor-patch 2011/01/30 xcolor patch
Package: atveryend 2011/06/30 v1.8 Hooks at the very end of document (HO)
Package atveryend Info: \enddocument detected (standard20110627).
Package: atbegshi 2011/10/05 v1.16 At begin shipout hook (HO)
Package: refcount 2011/10/16 v3.4 Data extraction from label references (HO)
Package: hycolor 2011/01/30 v1.7 Color options for hyperref/bookmark (HO)
)
\@linkdim=\dimen132
\Hy@linkcounter=\count112
\Hy@pagecounter=\count113

("D:\Program Files\MiKTeX 2.9\tex\latex\hyperref\pd1enc.def"
File: pd1enc.def 2012/05/13 v6.82q Hyperref: PDFDocEncoding definition (HO)
)
\Hy@SavedSpaceFactor=\count114

("D:\Program Files\MiKTeX 2.9\tex\latex\00miktex\hyperref.cfg"
File: hyperref.cfg 2002/06/06 v1.2 hyperref configuration of TeXLive
)
Package hyperref Info: Option `bookmarks' set `true' on input line 3941.
Package hyperref Info: Hyper figures OFF on input line 4062.
Package hyperref Info: Link nesting OFF on input line 4067.
Package hyperref Info: Hyper index ON on input line 4070.
Package hyperref Info: Plain pages OFF on input line 4077.
Package hyperref Info: Backreferencing OFF on input line 4082.
Package hyperref Info: Implicit mode ON; LaTeX internals redefined.
Package hyperref Info: Bookmarks ON on input line 4300.
\c@Hy@tempcnt=\count115

("D:\Program Files\MiKTeX 2.9\tex\latex\ltxmisc\url.sty"
\Urlmuskip=\muskip11
Package: url 2006/04/12  ver 3.3  Verb mode for urls, etc.
)
LaTeX Info: Redefining \url on input line 4653.
\Fld@menulength=\count116
\Field@Width=\dimen133
\Fld@charsize=\dimen134
Package hyperref Info: Hyper figures OFF on input line 5773.
Package hyperref Info: Link nesting OFF on input line 5778.
Package hyperref Info: Hyper index ON on input line 5781.
Package hyperref Info: backreferencing OFF on input line 5788.
Package hyperref Info: Link coloring OFF on input line 5793.
Package hyperref Info: Link coloring with OCG OFF on input line 5798.
Package hyperref Info: PDF/A mode OFF on input line 5803.
LaTeX Info: Redefining \ref on input line 5843.
LaTeX Info: Redefining \pageref on input line 5847.
\Hy@abspage=\count117
\c@Item=\count118
\c@Hfootnote=\count119
)

Package hyperref Message: Driver: hpdftex.

("D:\Program Files\MiKTeX 2.9\tex\latex\hyperref\hpdftex.def"
File: hpdftex.def 2012/05/13 v6.82q Hyperref driver for pdfTeX
\Fld@listcount=\count120
\c@bookmark@seq@number=\count121

("D:\Program Files\MiKTeX 2.9\tex\latex\oberdiek\rerunfilecheck.sty"
Package: rerunfilecheck 2011/04/15 v1.7 Rerun checks for auxiliary files (HO)
Package uniquecounter Info: New unique counter `rerunfilecheck' on input line 2
82.
)
\Hy@SectionHShift=\skip57
)
("D:\Program Files\MiKTeX 2.9\tex\latex\cleveref\cleveref.sty"
Package: cleveref 2013/12/28 v0.19 Intelligent cross-referencing
Package cleveref Info: `hyperref' support loaded on input line 2230.
LaTeX Info: Redefining \cref on input line 2230.
LaTeX Info: Redefining \Cref on input line 2230.
LaTeX Info: Redefining \crefrange on input line 2230.
LaTeX Info: Redefining \Crefrange on input line 2230.
LaTeX Info: Redefining \cpageref on input line 2230.
LaTeX Info: Redefining \Cpageref on input line 2230.
LaTeX Info: Redefining \cpagerefrange on input line 2230.
LaTeX Info: Redefining \Cpagerefrange on input line 2230.
LaTeX Info: Redefining \labelcref on input line 2230.
LaTeX Info: Redefining \labelcpageref on input line 2230.
Package cleveref Info: `varioref' support loaded on input line 2453.
Package cleveref Info: `cleveref' supersedes `varioref's \labelformatcommand on
 input line 2453.
LaTeX Info: Redefining \vref on input line 2453.
LaTeX Info: Redefining \Vref on input line 2453.
LaTeX Info: Redefining \vrefrange on input line 2453.
LaTeX Info: Redefining \fullref on input line 2453.
)
("D:\Program Files\MiKTeX 2.9\tex\latex\lineno\lineno.sty"
Package: lineno 2005/11/02 line numbers on paragraphs v4.41
\linenopenalty=\count122
\output=\toks24
\linenoprevgraf=\count123
\linenumbersep=\dimen135
\linenumberwidth=\dimen136
\c@linenumber=\count124
\c@pagewiselinenumber=\count125
\c@LN@truepage=\count126
\c@internallinenumber=\count127
\c@internallinenumbers=\count128
\quotelinenumbersep=\dimen137
\bframerule=\dimen138
\bframesep=\dimen139
\bframebox=\box30
LaTeX Info: Redefining \\ on input line 3056.
)
("D:\Program Files\MiKTeX 2.9\tex\latex\amsfonts\amssymb.sty"
Package: amssymb 2009/06/22 v3.00

("D:\Program Files\MiKTeX 2.9\tex\latex\amsfonts\amsfonts.sty"
Package: amsfonts 2009/06/22 v3.00 Basic AMSFonts support
\symAMSa=\mathgroup4
\symAMSb=\mathgroup5
LaTeX Font Info:    Overwriting math alphabet `\mathfrak' in version `bold'
(Font)                  U/euf/m/n --> U/euf/b/n on input line 96.
))
("D:\Program Files\MiKTeX 2.9\tex\latex\tools\tabularx.sty"
Package: tabularx 2016/02/03 v2.11 `tabularx' package (DPC)

("D:\Program Files\MiKTeX 2.9\tex\latex\tools\array.sty"
Package: array 2014/10/28 v2.4c Tabular extension package (FMi)
\col@sep=\dimen140
\extrarowheight=\dimen141
\NC@list=\toks25
\extratabsurround=\skip58
\backup@length=\skip59
)
\TX@col@width=\dimen142
\TX@old@table=\dimen143
\TX@old@col=\dimen144
\TX@target=\dimen145
\TX@delta=\dimen146
\TX@cols=\count129
\TX@ftn=\toks26
)
("D:\Program Files\MiKTeX 2.9\tex\latex\graphics\lscape.sty"
Package: lscape 2000/10/22 v3.01 Landscape Pages (DPC)
)
("D:\Program Files\MiKTeX 2.9\tex\latex\oberdiek\pdflscape.sty"
Package: pdflscape 2008/08/11 v0.10 Display of landscape pages in PDF (HO)
Package pdflscape Info: Auto-detected driver: pdftex on input line 80.
)
("D:\Program Files\MiKTeX 2.9\tex\latex\tools\xr.sty"
Package: xr 1994/05/28 v5.02 eXternal References (DPC)
)
("D:\Program Files\MiKTeX 2.9\tex\latex\caption\caption.sty"
Package: caption 2016/02/21 v3.3-144 Customizing captions (AR)

("D:\Program Files\MiKTeX 2.9\tex\latex\caption\caption3.sty"
Package: caption3 2016/02/04 v1.7-139 caption3 kernel (AR)
Package caption3 Info: TeX engine: e-TeX on input line 67.
\captionmargin=\dimen147
\captionmargin@=\dimen148
\captionwidth=\dimen149
\caption@tempdima=\dimen150
\caption@indent=\dimen151
\caption@parindent=\dimen152
\caption@hangindent=\dimen153
)
Package caption Info: KOMA-Script document class.
\c@ContinuedFloat=\count130
Package caption Info: hyperref package is loaded.
Package caption Info: rotating package is loaded.
)
("D:\Program Files\MiKTeX 2.9\tex\latex\caption\subcaption.sty"
Package: subcaption 2016/02/20 v1.1-142 Sub-captions (AR)
\c@subfigure=\count131
\c@subtable=\count132
)
("D:\Program Files\MiKTeX 2.9\tex\latex\multirow\multirow.sty"
\bigstrutjot=\dimen154
)
("D:\Program Files\MiKTeX 2.9\tex\latex\pdfpages\pdfpages.sty"
Package: pdfpages 2016/04/19 v0.5f Insert pages of external PDF documents (AM)

("D:\Program Files\MiKTeX 2.9\tex\latex\eso-pic\eso-pic.sty"
Package: eso-pic 2015/07/21 v2.0g eso-pic (RN)

("D:\Program Files\MiKTeX 2.9\tex\latex\xcolor\xcolor.sty"
Package: xcolor 2007/01/21 v2.11 LaTeX color extensions (UK)

("D:\Program Files\MiKTeX 2.9\tex\latex\00miktex\color.cfg"
File: color.cfg 2007/01/18 v1.5 color configuration of teTeX/TeXLive
)
Package xcolor Info: Driver file: pdftex.def on input line 225.
Package xcolor Info: Model `cmy' substituted by `cmy0' on input line 1337.
Package xcolor Info: Model `hsb' substituted by `rgb' on input line 1341.
Package xcolor Info: Model `RGB' extended on input line 1353.
Package xcolor Info: Model `HTML' substituted by `rgb' on input line 1355.
Package xcolor Info: Model `Hsb' substituted by `hsb' on input line 1356.
Package xcolor Info: Model `tHsb' substituted by `hsb' on input line 1357.
Package xcolor Info: Model `HSB' substituted by `hsb' on input line 1358.
Package xcolor Info: Model `Gray' substituted by `gray' on input line 1359.
Package xcolor Info: Model `wave' substituted by `hsb' on input line 1360.
))
\AM@pagewidth=\dimen155
\AM@pageheight=\dimen156

("D:\Program Files\MiKTeX 2.9\tex\latex\pdfpages\pppdftex.def"
File: pppdftex.def 2016/04/19 v0.5f Pdfpages driver for pdfTeX (AM)
)
\AM@pagebox=\box31
\AM@global@opts=\toks27
\AM@toc@title=\toks28
\c@AM@survey=\count133
\AM@templatesizebox=\box32
)
("D:\Program Files\MiKTeX 2.9\tex\latex\jknappen\mathrsfs.sty"
Package: mathrsfs 1996/01/01 Math RSFS package v1.0 (jk)
\symrsfs=\mathgroup6
)
("D:\Program Files\MiKTeX 2.9\tex\latex\notoccite\notoccite.sty"
Package: notoccite 2000/07/20
)
("D:\Program Files\MiKTeX 2.9\tex\latex\enumitem\enumitem.sty"
Package: enumitem 2011/09/28 v3.5.2 Customized lists
\labelindent=\skip60
\enit@outerparindent=\dimen157
\enit@toks=\toks29
\enit@inbox=\box33
\enitdp@description=\count134
)
("D:\Program Files\MiKTeX 2.9\tex\latex\natbib\natbib.sty"
Package: natbib 2010/09/13 8.31b (PWD, AO)
\bibhang=\skip61
\bibsep=\skip62
LaTeX Info: Redefining \cite on input line 694.
\c@NAT@ctr=\count135
)
("D:\Program Files\MiKTeX 2.9\tex\latex\was\gensymb.sty"
Package: gensymb 2003/07/02 v1.0 (WaS)
)

LaTeX Warning: Unused global option(s):
    [paper=a4,pagesize=auto].

("D:\Box Sync\EasyLatexTemplate\EasyLatexTemplate\Report.aux")
LaTeX Font Info:    Checking defaults for OML/cmm/m/it on input line 50.
LaTeX Font Info:    ... okay on input line 50.
LaTeX Font Info:    Checking defaults for T1/cmr/m/n on input line 50.
LaTeX Font Info:    ... okay on input line 50.
LaTeX Font Info:    Checking defaults for OT1/cmr/m/n on input line 50.
LaTeX Font Info:    ... okay on input line 50.
LaTeX Font Info:    Checking defaults for OMS/cmsy/m/n on input line 50.
LaTeX Font Info:    ... okay on input line 50.
LaTeX Font Info:    Checking defaults for OMX/cmex/m/n on input line 50.
LaTeX Font Info:    ... okay on input line 50.
LaTeX Font Info:    Checking defaults for U/cmr/m/n on input line 50.
LaTeX Font Info:    ... okay on input line 50.
LaTeX Font Info:    Checking defaults for LGR/cmr/m/n on input line 50.
LaTeX Font Info:    Try loading font information for LGR+cmr on input line 50.

("D:\Program Files\MiKTeX 2.9\tex\latex\cbfonts-fd\lgrcmr.fd"
File: lgrcmr.fd 2016/03/04 v1.1 Greek European Computer Regular
)
LaTeX Font Info:    ... okay on input line 50.
LaTeX Font Info:    Checking defaults for PD1/pdf/m/n on input line 50.
LaTeX Font Info:    ... okay on input line 50.

*geometry* driver: auto-detecting
*geometry* detected driver: pdftex
*geometry* verbose mode - [ preamble ] result:
* driver: pdftex
* paper: <default>
* layout: <same size as paper>
* layoutoffset:(h,v)=(0.0pt,0.0pt)
* modes: 
* h-part:(L,W,R)=(91.04872pt, 415.41049pt, 91.04872pt)
* v-part:(T,H,B)=(84.50471pt, 591.53279pt, 169.00943pt)
* \paperwidth=597.50793pt
* \paperheight=845.04694pt
* \textwidth=415.41049pt
* \textheight=591.53279pt
* \oddsidemargin=18.77873pt
* \evensidemargin=18.77873pt
* \topmargin=-25.16528pt
* \headheight=17.0pt
* \headsep=20.40001pt
* \topskip=11.0pt
* \footskip=47.6pt
* \marginparwidth=59.7508pt
* \marginparsep=12.8401pt
* \columnsep=10.0pt
* \skip\footins=10.0pt plus 4.0pt minus 2.0pt
* \hoffset=0.0pt
* \voffset=0.0pt
* \mag=1000
* \@twocolumnfalse
* \@twosidefalse
* \@mparswitchfalse
* \@reversemarginfalse
* (1in=72.27pt=25.4mm, 1cm=28.453pt)

("D:\Program Files\MiKTeX 2.9\tex\context\base\supp-pdf.mkii"
[Loading MPS to PDF converter (version 2006.09.02).]
\scratchcounter=\count136
\scratchdimen=\dimen158
\scratchbox=\box34
\nofMPsegments=\count137
\nofMParguments=\count138
\everyMPshowfont=\toks30
\MPscratchCnt=\count139
\MPscratchDim=\dimen159
\MPnumerator=\count140
\makeMPintoPDFobject=\count141
\everyMPtoPDFconversion=\toks31
)
\AtBeginShipoutBox=\box35
Package hyperref Info: Link coloring OFF on input line 50.
 ("D:\Program Files\MiKTeX 2.9\tex\latex\hyperref\nameref.sty"
Package: nameref 2010/04/30 v2.40 Cross-referencing by name of section

("D:\Program Files\MiKTeX 2.9\tex\generic\oberdiek\gettitlestring.sty"
Package: gettitlestring 2010/12/03 v1.4 Cleanup title references (HO)
)
\c@section@level=\count142
LaTeX Info: Redefining \Ref on input line 498.
)
LaTeX Info: Redefining \ref on input line 50.
LaTeX Info: Redefining \pageref on input line 50.
LaTeX Info: Redefining \nameref on input line 50.

("D:\Box Sync\EasyLatexTemplate\EasyLatexTemplate\Report.out")
("D:\Box Sync\EasyLatexTemplate\EasyLatexTemplate\Report.out")
\@outlinefile=\write3
LaTeX Info: Redefining \Ref on input line 50.
Package caption Info: Begin \AtBeginDocument code.
Package caption Info: End \AtBeginDocument code.
LaTeX Info: Redefining \celsius on input line 50.
Package gensymb Info: Faking symbols for \degree and \celsius on input line 50.



Package gensymb Warning: Not defining \perthousand.

LaTeX Info: Redefining \ohm on input line 50.
Package gensymb Info: Using \upOmega for \ohm on input line 50.

Package gensymb Warning: Not defining \micro.

LaTeX Font Info:    Try loading font information for U+msa on input line 75.
("D:\Program Files\MiKTeX 2.9\tex\latex\amsfonts\umsa.fd"
File: umsa.fd 2009/06/22 v3.00 AMS symbols A
)
LaTeX Font Info:    Try loading font information for U+msb on input line 75.

("D:\Program Files\MiKTeX 2.9\tex\latex\amsfonts\umsb.fd"
File: umsb.fd 2009/06/22 v3.00 AMS symbols B
)
LaTeX Font Info:    Try loading font information for U+rsfs on input line 75.

("D:\Program Files\MiKTeX 2.9\tex\latex\jknappen\ursfs.fd"
File: ursfs.fd 1998/03/24 rsfs font definition file (jk)
) [1




{C:/ProgramData/MiKTeX/2.9/pdftex/config/pdftex.map}]
Missing character: There is no â in font cmr10!
Missing character: There is no € in font cmr10!
Missing character: There is no ˜ in font cmr10!
Missing character: There is no â in font cmr10!
Missing character: There is no € in font cmr10!
Missing character: There is no ™ in font cmr10!
 [1

]
("D:\Box Sync\EasyLatexTemplate\EasyLatexTemplate\Report.toc" [2

] [3])
\tf@toc=\write4
 [4]
("D:\Box Sync\EasyLatexTemplate\EasyLatexTemplate\Report.lot"
Missing character: There is no Â in font cmr10!
Missing character: There is no ± in font cmr10!
Missing character: There is no Â in font cmr10!
Missing character: There is no ± in font cmr10!
)
\tf@lot=\write5
 [5

]
("D:\Box Sync\EasyLatexTemplate\EasyLatexTemplate\Report.lof" [6

] [7])
\tf@lof=\write6
 [8]
chapter 1.
("D:\Box Sync\EasyLatexTemplate\EasyLatexTemplate\IntroText1.tex") [1

] [2]
chapter 2.
Missing character: There is no â in font cmr10!
Missing character: There is no € in font cmr10!
Missing character: There is no “ in font cmr10!
Missing character: There is no â in font cmr10!
Missing character: There is no € in font cmr10!
Missing character: There is no ™ in font cmr10!
[3

] [4]
Missing character: There is no â in font cmr10!
Missing character: There is no € in font cmr10!
Missing character: There is no ˜ in font cmr10!
Missing character: There is no â in font cmr10!
Missing character: There is no € in font cmr10!
Missing character: There is no ™ in font cmr10!
Missing character: There is no â in font cmr10!
Missing character: There is no € in font cmr10!
Missing character: There is no ˜ in font cmr10!
Missing character: There is no â in font cmr10!
Missing character: There is no € in font cmr10!
Missing character: There is no ™ in font cmr10!
 <3modes.png, id=606, 689.57625pt x 255.20343pt>
File: 3modes.png Graphic file (type png)
 <use 3modes.png>
Package pdftex.def Info: 3modes.png used on input line 136.
(pdftex.def)             Requested size: 307.52861pt x 113.81102pt.

[5] [6 <D:/Box Sync/EasyLatexTemplate/EasyLatexTemplate/3modes.png>]
Missing character: There is no â in font cmr10!
Missing character: There is no € in font cmr10!
Missing character: There is no ™ in font cmr10!
Missing character: There is no â in font cmr10!
Missing character: There is no € in font cmr10!
Missing character: There is no ™ in font cmr10!

<plasticZoneModel.png, id=620, 552.56438pt x 405.01312pt>
File: plasticZoneModel.png Graphic file (type png)

<use plasticZoneModel.png>
Package pdftex.def Info: plasticZoneModel.png used on input line 193.
(pdftex.def)             Requested size: 194.0918pt x 142.26378pt.
 [7 <D:/Box Sync/EasyLatexTemplate/EasyLatexTemplate/plasticZoneModel.png>]
<FrailureModesDiagram.png, id=632, 829.59938pt x 188.95593pt>
File: FrailureModesDiagram.png Graphic file (type png)

<use FrailureModesDiagram.png>
Package pdftex.def Info: FrailureModesDiagram.png used on input line 213.
(pdftex.def)             Requested size: 374.75937pt x 85.35826pt.
 [8]
<fractureTypes.png, id=638, 462.22687pt x 536.75531pt>
File: fractureTypes.png Graphic file (type png)
 <use fractureTypes.png>
Package pdftex.def Info: fractureTypes.png used on input line 225.
(pdftex.def)             Requested size: 245.0214pt x 284.52756pt.

[9 <D:/Box Sync/EasyLatexTemplate/EasyLatexTemplate/FrailureModesDiagram.png>]
[10 <D:/Box Sync/EasyLatexTemplate/EasyLatexTemplate/fractureTypes.png>]
<SENB.png, id=650, 669.2503pt x 222.07968pt>
File: SENB.png Graphic file (type png)
 <use SENB.png>
Package pdftex.def Info: SENB.png used on input line 235.
(pdftex.def)             Requested size: 342.97768pt x 113.81102pt.
Missing character: There is no â in font cmr10!
Missing character: There is no € in font cmr10!
Missing character: There is no ™ in font cmr10!
Missing character: There is no â in font cmr10!
Missing character: There is no € in font cmr10!
Missing character: There is no ™ in font cmr10!
 [11 <D:/Box Sync/EasyLatexTemplate/EasyLatexTemplate/SENB.png>]
Missing character: There is no Ï in font cmr10!
Missing character: There is no ƒ in font cmr10!

<SENBLoaded.png, id=658, 438.8897pt x 251.43938pt>
File: SENBLoaded.png Graphic file (type png)
 <use SENBLoaded.png>
Package pdftex.def Info: SENBLoaded.png used on input line 271.
(pdftex.def)             Requested size: 248.32138pt x 142.26378pt.

[12 <D:/Box Sync/EasyLatexTemplate/EasyLatexTemplate/SENBLoaded.png>]
<crackPining.png, id=666, 498.36188pt x 357.58594pt>
File: crackPining.png Graphic file (type png)
 <use crackPining.png>
Package pdftex.def Info: crackPining.png used on input line 288.
(pdftex.def)             Requested size: 237.92584pt x 170.71652pt.

[13] <crackDeflection.png, id=671, 593.96906pt x 109.1578pt>
File: crackDeflection.png Graphic file (type png)

<use crackDeflection.png>
Package pdftex.def Info: crackDeflection.png used on input line 297.
(pdftex.def)             Requested size: 309.64513pt x 56.9055pt.
Missing character: There is no â in font cmr10!
Missing character: There is no € in font cmr10!
Missing character: There is no ™ in font cmr10!
Missing character: There is no â in font cmr10!
Missing character: There is no € in font cmr10!
Missing character: There is no ™ in font cmr10!
 <cavitation.png, id=672, 368.87813pt x 272.51813pt>
File: cavitation.png Graphic file (type png)

<use cavitation.png>
Package pdftex.def Info: cavitation.png used on input line 306.
(pdftex.def)             Requested size: 192.56633pt x 142.26378pt.
 [14 <D:/Box Sync/EasyLatexTemplate/EasyLatexTemplate/crackPining.png> <D:/Box 
Sync/EasyLatexTemplate/EasyLatexTemplate/crackDeflection.png>] <debonding.png, 
id=679, 255.20343pt x 185.94469pt>
File: debonding.png Graphic file (type png)
 <use debonding.png>
Package pdftex.def Info: debonding.png used on input line 315.
(pdftex.def)             Requested size: 195.25725pt x 142.26378pt.
Missing character: There is no â in font cmr10!
Missing character: There is no € in font cmr10!
Missing character: There is no ˜ in font cmr10!
Missing character: There is no â in font cmr10!
Missing character: There is no € in font cmr10!
Missing character: There is no ™ in font cmr10!

<rubberBridging.png, id=680, 294.34969pt x 170.13562pt>
File: rubberBridging.png Graphic file (type png)

<use rubberBridging.png>
Package pdftex.def Info: rubberBridging.png used on input line 324.
(pdftex.def)             Requested size: 196.90335pt x 113.81102pt.
 [15 <D:/Box Sync/EasyLatexTemplate/EasyLatexTemplate/cavitation.png> <D:/Box S
ync/EasyLatexTemplate/EasyLatexTemplate/debonding.png>] <plasticVoidGrowth.png,
 id=687, 359.09157pt x 261.22594pt>
File: plasticVoidGrowth.png Graphic file (type png)

<use plasticVoidGrowth.png>
Package pdftex.def Info: plasticVoidGrowth.png used on input line 333.
(pdftex.def)             Requested size: 195.5613pt x 142.26378pt.
 [16 <D:/Box Sync/EasyLatexTemplate/EasyLatexTemplate/rubberBridging.png> <D:/B
ox Sync/EasyLatexTemplate/EasyLatexTemplate/plasticVoidGrowth.png>] <DRS.png, i
d=695, 682.80093pt x 580.41844pt>
File: DRS.png Graphic file (type png)
 <use DRS.png>
Package pdftex.def Info: DRS.png used on input line 353.
(pdftex.def)             Requested size: 502.07666pt x 426.79134pt.

Overfull \hbox (86.66617pt too wide) in paragraph at lines 353--354
 [][] 
 []

[17] [18 <D:/Box Sync/EasyLatexTemplate/EasyLatexTemplate/DRS.png>] [19]
[20]
Missing character: There is no â in font cmr10!
Missing character: There is no € in font cmr10!
Missing character: There is no ™ in font cmr10!
 [21] <TDCBJig.jpg, id=719, 3276.24pt x 2457.18pt>
File: TDCBJig.jpg Graphic file (type jpg)
 <use TDCBJig.jpg>
Package pdftex.def Info: TDCBJig.jpg used on input line 404.
(pdftex.def)             Requested size: 151.7237pt x 113.81102pt.

<TDCBspecimens.jpg, id=720, 3276.24pt x 2457.18pt>
File: TDCBspecimens.jpg Graphic file (type jpg)
 <use TDCBspecimens.jpg>
Package pdftex.def Info: TDCBspecimens.jpg used on input line 410.
(pdftex.def)             Requested size: 151.7237pt x 113.81102pt.

<DSC.png, id=721, 449.42906pt x 292.09125pt>
File: DSC.png Graphic file (type png)
 <use DSC.png>
Package pdftex.def Info: DSC.png used on input line 423.
(pdftex.def)             Requested size: 306.46492pt x 199.16928pt.
 [22 <D:/Box Sync/EasyLatexTemplate/EasyLatexTemplate/TDCBJig.jpg> <D:/Box Sync
/EasyLatexTemplate/EasyLatexTemplate/TDCBspecimens.jpg>]
Missing character: There is no Â in font cmr10!
Missing character: There is no ± in font cmr10!

<TDCBSetUp.jpg, id=727, 3276.24pt x 2457.18pt>
File: TDCBSetUp.jpg Graphic file (type jpg)
 <use TDCBSetUp.jpg>
Package pdftex.def Info: TDCBSetUp.jpg used on input line 433.
(pdftex.def)             Requested size: 227.61053pt x 170.71652pt.
 [23 <D:/Box Sync/EasyLatexTemplate/EasyLatexTemplate/DSC.png>] [24 <D:/Box Syn
c/EasyLatexTemplate/EasyLatexTemplate/TDCBSetUp.jpg>]

Package hyperref Warning: Token not allowed in a PDF string (PDFDocEncoding):
(hyperref)                removing `math shift' on input line 457.


Package hyperref Warning: Token not allowed in a PDF string (PDFDocEncoding):
(hyperref)                removing `subscript' on input line 457.


Package hyperref Warning: Token not allowed in a PDF string (PDFDocEncoding):
(hyperref)                removing `math shift' on input line 457.

Missing character: There is no Î in font cmr10!
Missing character: There is no ´ in font cmr10!
Missing character: There is no Î in font cmr10!
Missing character: There is no ´ in font cmr10!
Missing character: There is no â in font cmr10!
Missing character: There is no € in font cmr10!
Missing character: There is no ˜ in font cmr10!
Missing character: There is no â in font cmr10!
Missing character: There is no € in font cmr10!
Missing character: There is no ™ in font cmr10!
[25] [26] <ControlFracture.png, id=751, 644.4075pt x 257.46187pt>
File: ControlFracture.png Graphic file (type png)

<use ControlFracture.png>
Package pdftex.def Info: ControlFracture.png used on input line 500.
(pdftex.def)             Requested size: 284.85777pt x 113.81102pt.
 <ControlGraph.png, id=752, 738.50906pt x 367.3725pt>
File: ControlGraph.png Graphic file (type png)

<use ControlGraph.png>
Package pdftex.def Info: ControlGraph.png used on input line 540.
(pdftex.def)             Requested size: 400.38911pt x 199.16928pt.
 [27 <D:/Box Sync/EasyLatexTemplate/EasyLatexTemplate/ControlFracture.png> <D:/
Box Sync/EasyLatexTemplate/EasyLatexTemplate/ControlGraph.png>] <CBTSi.png, id=
760, 1303.87125pt x 355.3275pt>
File: CBTSi.png Graphic file (type png)
 <use CBTSi.png>
Package pdftex.def Info: CBTSi.png used on input line 550.
(pdftex.def)             Requested size: 417.62534pt x 113.81102pt.

Overfull \hbox (2.21484pt too wide) in paragraph at lines 550--551
 [][] 
 []

Missing character: There is no Â in font cmr10!
Missing character: There is no ± in font cmr10!
Missing character: There is no Â in font cmr10!
Missing character: There is no ± in font cmr10!
<CBTSiGraph.png, id=761, 875.52094pt x 651.18282pt>
File: CBTSiGraph.png Graphic file (type png)
 <use CBTSiGraph.png>
Package pdftex.def Info: CBTSiGraph.png used on input line 556.
(pdftex.def)             Requested size: 344.29733pt x 256.0748pt.
Missing character: There is no â in font cmr10!
Missing character: There is no € in font cmr10!
Missing character: There is no ™ in font cmr10!

[28 <D:/Box Sync/EasyLatexTemplate/EasyLatexTemplate/CBTSi.png>]
<CBTCSR.png, id=769, 995.97093pt x 350.05782pt>
File: CBTCSR.png Graphic file (type png)
 <use CBTCSR.png>
Package pdftex.def Info: CBTCSR.png used on input line 566.
(pdftex.def)             Requested size: 404.76418pt x 142.26378pt.
Missing character: There is no Â in font cmr10!
Missing character: There is no ± in font cmr10!
Missing character: There is no Â in font cmr10!
Missing character: There is no ± in font cmr10!

<CBTCSRGraph.png, id=770, 884.55469pt x 640.64343pt>
File: CBTCSRGraph.png Graphic file (type png)
 <use CBTCSRGraph.png>
Package pdftex.def Info: CBTCSRGraph.png used on input line 572.
(pdftex.def)             Requested size: 353.57266pt x 256.0748pt.

[29 <D:/Box Sync/EasyLatexTemplate/EasyLatexTemplate/CBTSiGraph.png>] [30 <D:/B
ox Sync/EasyLatexTemplate/EasyLatexTemplate/CBTCSR.png> <D:/Box Sync/EasyLatexT
emplate/EasyLatexTemplate/CBTCSRGraph.png>]
<FractureSurfacesTDCB.png, id=782, 1139.00531pt x 612.03656pt>
File: FractureSurfacesTDCB.png Graphic file (type png)

<use FractureSurfacesTDCB.png>
Package pdftex.def Info: FractureSurfacesTDCB.png used on input line 581.
(pdftex.def)             Requested size: 370.6416pt x 199.16928pt.
Missing character: There is no â in font cmr10!
Missing character: There is no € in font cmr10!
Missing character: There is no ˜ in font cmr10!
Missing character: There is no â in font cmr10!
Missing character: There is no € in font cmr10!
Missing character: There is no ™ in font cmr10!
 [31 <D:/Box Sync/EasyLatexTemplate/EasyLatexTemplate/FractureSurfacesTDCB.png>
]
<HighRateSetup1.jpg, id=788, 462.97969pt x 619.56468pt>
File: HighRateSetup1.jpg Graphic file (type jpg)

<use HighRateSetup1.jpg>
Package pdftex.def Info: HighRateSetup1.jpg used on input line 598.
(pdftex.def)             Requested size: 170.09177pt x 227.62204pt.
 <HighRateSetup.jpg, id=789, 3276.24pt x 2457.18pt>
File: HighRateSetup.jpg Graphic file (type jpg)

<use HighRateSetup.jpg>
Package pdftex.def Info: HighRateSetup.jpg used on input line 604.
(pdftex.def)             Requested size: 265.55396pt x 199.16928pt.
 [32 <D:/Box Sync/EasyLatexTemplate/EasyLatexTemplate/HighRateSetup1.jpg>] <TDC
Bimage.jpg, id=795, 58.27124pt x 5.91817pt>
File: TDCBimage.jpg Graphic file (type jpg)

<use TDCBimage.jpg>
Package pdftex.def Info: TDCBimage.jpg used on input line 612.
(pdftex.def)             Requested size: 420.23807pt x 42.67912pt.

Overfull \hbox (4.82758pt too wide) in paragraph at lines 612--613
 [][] 
 []

[33 <D:/Box Sync/EasyLatexTemplate/EasyLatexTemplate/HighRateSetup.jpg> <D:/Box
 Sync/EasyLatexTemplate/EasyLatexTemplate/TDCBimage.jpg>]
Package epstopdf Info: Source file: <test2graph1.eps>
(epstopdf)                    date: 2016-05-11 17:03:50
(epstopdf)                    size: 56441 bytes
(epstopdf)             Output file: <test2graph1-eps-converted-to.pdf>
(epstopdf)                    date: 2016-05-11 17:04:52
(epstopdf)                    size: 25111 bytes
(epstopdf)             Command: <epstopdf --outfile=test2graph1-eps-converted-t
o.pdf test2graph1.eps>
(epstopdf)             \includegraphics on input line 640.
Package epstopdf Info: Output file is already uptodate.

<test2graph1-eps-converted-to.pdf, id=800, 825.0825pt x 577.15625pt>
File: test2graph1-eps-converted-to.pdf Graphic file (type pdf)

<use test2graph1-eps-converted-to.pdf>
Package pdftex.def Info: test2graph1-eps-converted-to.pdf used on input line 64
0.
(pdftex.def)             Requested size: 366.08414pt x 256.0748pt.
 [34 <D:/Box Sync/EasyLatexTemplate/EasyLatexTemplate/test2graph1-eps-converted
-to.pdf>]
Package epstopdf Info: Source file: <test2graph2.eps>
(epstopdf)                    date: 2016-05-11 17:23:35
(epstopdf)                    size: 49059 bytes
(epstopdf)             Output file: <test2graph2-eps-converted-to.pdf>
(epstopdf)                    date: 2016-05-11 17:37:13
(epstopdf)                    size: 23768 bytes
(epstopdf)             Command: <epstopdf --outfile=test2graph2-eps-converted-t
o.pdf test2graph2.eps>
(epstopdf)             \includegraphics on input line 656.
Package epstopdf Info: Output file is already uptodate.

<test2graph2-eps-converted-to.pdf, id=852, 825.0825pt x 577.15625pt>
File: test2graph2-eps-converted-to.pdf Graphic file (type pdf)

<use test2graph2-eps-converted-to.pdf>
Package pdftex.def Info: test2graph2-eps-converted-to.pdf used on input line 65
6.
(pdftex.def)             Requested size: 325.40672pt x 227.62204pt.
 [35]
Missing character: There is no â in font cmr10!
Missing character: There is no € in font cmr10!
Missing character: There is no ™ in font cmr10!
 [36 <D:/Box Sync/EasyLatexTemplate/EasyLatexTemplate/test2graph2-eps-converted
-to.pdf>]
Missing character: There is no â in font cmr10!
Missing character: There is no ˆ in font cmr10!
Missing character: There is no ™ in font cmr10!
Missing character: There is no Î in font cmr10!
Missing character: There is no ´ in font cmr10!
Missing character: There is no Ï in font cmr10!
Missing character: There is no  in font cmr10!
Missing character: There is no â in font cmr10!
Missing character: There is no ˆ in font cmr10!
Missing character: There is no ™ in font cmr10!
Missing character: There is no ã in font cmr10!
Missing character: There is no € in font cmr10!
Missing character: There is no – in font cmr10!
Missing character: There is no ã in font cmr10!
Missing character: There is no € in font cmr10!
Missing character: There is no — in font cmr10!
 [37]
Missing character: There is no â in font cmr10!
Missing character: There is no € in font cmr10!
Missing character: There is no ™ in font cmr10!
Missing character: There is no â in font cmr10!
Missing character: There is no € in font cmr10!
Missing character: There is no ™ in font cmr10!
Missing character: There is no ï in font cmr10!
Missing character: There is no  in font cmr10!
Missing character: There is no ³ in font cmr10!

<tensile.png, id=919, 701.62125pt x 339.51843pt>
File: tensile.png Graphic file (type png)
 <use tensile.png>
Package pdftex.def Info: tensile.png used on input line 757.
(pdftex.def)             Requested size: 235.18642pt x 113.81102pt.
Missing character: There is no â in font cmr10!
Missing character: There is no € in font cmr10!
Missing character: There is no ™ in font cmr10!
 [38]
Missing character: There is no â in font cmr10!
Missing character: There is no € in font cmr10!
Missing character: There is no ™ in font cmr10!

<Modulus-Si.png, id=927, 926.71219pt x 730.22812pt>
File: Modulus-Si.png Graphic file (type png)
 <use Modulus-Si.png>
Package pdftex.def Info: Modulus-Si.png used on input line 768.
(pdftex.def)             Requested size: 288.86154pt x 227.62204pt.

<tensileTable-Si.png, id=928, 1306.12968pt x 548.80031pt>
File: tensileTable-Si.png Graphic file (type png)

<use tensileTable-Si.png>
Package pdftex.def Info: tensileTable-Si.png used on input line 775.
(pdftex.def)             Requested size: 406.29112pt x 170.71652pt.

<particleContentTableOld.png, id=929, 563.85657pt x 652.68843pt>
File: particleContentTableOld.png Graphic file (type png)

<use particleContentTableOld.png>
Package pdftex.def Info: particleContentTableOld.png used on input line 785.
(pdftex.def)             Requested size: 221.22815pt x 256.0748pt.
 [39 <D:/Box Sync/EasyLatexTemplate/EasyLatexTemplate/tensile.png>] [40 <D:/Box
 Sync/EasyLatexTemplate/EasyLatexTemplate/Modulus-Si.png> <D:/Box Sync/EasyLate
xTemplate/EasyLatexTemplate/tensileTable-Si.png>] [41 <D:/Box Sync/EasyLatexTem
plate/EasyLatexTemplate/particleContentTableOld.png>] <SENBGeometry.png, id=948
, 1360.33218pt x 335.75438pt>
File: SENBGeometry.png Graphic file (type png)

<use SENBGeometry.png>
Package pdftex.def Info: SENBGeometry.png used on input line 805.
(pdftex.def)             Requested size: 345.8319pt x 85.35826pt.
 <SENBsetup(lowrate).jpg, id=949, 2457.18pt x 3276.24pt>
File: SENBsetup(lowrate).jpg Graphic file (type jpg)

<use SENBsetup(lowrate).jpg>
Package pdftex.def Info: SENBsetup(lowrate).jpg used on input line 815.
(pdftex.def)             Requested size: 149.3741pt x 199.16928pt.
Missing character: There is no Â in font cmr10!
Missing character: There is no ± in font cmr10!

<FractureFluations.png, id=950, 877.02657pt x 712.91344pt>
File: FractureFluations.png Graphic file (type png)

<use FractureFluations.png>
Package pdftex.def Info: FractureFluations.png used on input line 826.
(pdftex.def)             Requested size: 315.02007pt x 256.0748pt.
 [42 <D:/Box Sync/EasyLatexTemplate/EasyLatexTemplate/SENBGeometry.png>] <HighR
ateSENBSetup.jpg, id=958, 2457.18pt x 3276.24pt>
File: HighRateSENBSetup.jpg Graphic file (type jpg)

<use HighRateSENBSetup.jpg>
Package pdftex.def Info: HighRateSENBSetup.jpg used on input line 834.
(pdftex.def)             Requested size: 170.7079pt x 227.62204pt.

<QuasiStaticSENBFracture.png, id=959, 901.11656pt x 702.37407pt>
File: QuasiStaticSENBFracture.png Graphic file (type png)

<use QuasiStaticSENBFracture.png>
Package pdftex.def Info: QuasiStaticSENBFracture.png used on input line 845.
(pdftex.def)             Requested size: 328.54044pt x 256.0748pt.

<QuasiStaticSENBFractureTable.png, id=960, 1268.48906pt x 697.8572pt>
File: QuasiStaticSENBFractureTable.png Graphic file (type png)

<use QuasiStaticSENBFractureTable.png>
Package pdftex.def Info: QuasiStaticSENBFractureTable.png used on input line 85
2.
(pdftex.def)             Requested size: 362.02638pt x 199.16928pt.

<SiFracture.jpg, id=961, 973.38657pt x 711.4078pt>
File: SiFracture.jpg Graphic file (type jpg)
 <use SiFracture.jpg>
Package pdftex.def Info: SiFracture.jpg used on input line 861.
(pdftex.def)             Requested size: 350.38919pt x 256.0748pt.

<SiFractureTable.png, id=962, 1233.85968pt x 699.36281pt>
File: SiFractureTable.png Graphic file (type png)

<use SiFractureTable.png>
Package pdftex.def Info: SiFractureTable.png used on input line 868.
(pdftex.def)             Requested size: 301.17805pt x 170.71652pt.
 [43] [44 <D:/Box Sync/EasyLatexTemplate/EasyLatexTemplate/SENBsetup(lowrate).j
pg> <D:/Box Sync/EasyLatexTemplate/EasyLatexTemplate/FractureFluations.png>] [4
5 <D:/Box Sync/EasyLatexTemplate/EasyLatexTemplate/HighRateSENBSetup.jpg> <D:/B
ox Sync/EasyLatexTemplate/EasyLatexTemplate/QuasiStaticSENBFracture.png>] [46 <
D:/Box Sync/EasyLatexTemplate/EasyLatexTemplate/QuasiStaticSENBFractureTable.pn
g> <D:/Box Sync/EasyLatexTemplate/EasyLatexTemplate/SiFracture.jpg>] <CSRFractu
re.png, id=986, 1042.64531pt x 714.41907pt>
File: CSRFracture.png Graphic file (type png)

<use CSRFracture.png>
Package pdftex.def Info: CSRFracture.png used on input line 878.
(pdftex.def)             Requested size: 373.72926pt x 256.0748pt.

<CSRFractureTable.png, id=987, 1295.59032pt x 577.40718pt>
File: CSRFractureTable.png Graphic file (type png)

<use CSRFractureTable.png>
Package pdftex.def Info: CSRFractureTable.png used on input line 885.
(pdftex.def)             Requested size: 446.90007pt x 199.16928pt.

Overfull \hbox (31.48958pt too wide) in paragraph at lines 885--886
 [][] 
 []

[47 <D:/Box Sync/EasyLatexTemplate/EasyLatexTemplate/SiFractureTable.png>]
[48 <D:/Box Sync/EasyLatexTemplate/EasyLatexTemplate/CSRFracture.png> <D:/Box S
ync/EasyLatexTemplate/EasyLatexTemplate/CSRFractureTable.png>]
<HybridFracture.png, id=1001, 1039.63406pt x 717.43031pt>
File: HybridFracture.png Graphic file (type png)

<use HybridFracture.png>
Package pdftex.def Info: HybridFracture.png used on input line 896.
(pdftex.def)             Requested size: 371.0794pt x 256.0748pt.

<HybridFractureTable.png, id=1002, 1391.95032pt x 628.59843pt>
File: HybridFractureTable.png Graphic file (type png)

<use HybridFractureTable.png>
Package pdftex.def Info: HybridFractureTable.png used on input line 903.
(pdftex.def)             Requested size: 441.03665pt x 199.16928pt.

Overfull \hbox (25.62616pt too wide) in paragraph at lines 903--904
 [][] 
 []

[49 <D:/Box Sync/EasyLatexTemplate/EasyLatexTemplate/HybridFracture.png>]
<SiFractureTDCB.png, id=1009, 1048.66782pt x 693.34032pt>
File: SiFractureTDCB.png Graphic file (type png)

<use SiFractureTDCB.png>
Package pdftex.def Info: SiFractureTDCB.png used on input line 912.
(pdftex.def)             Requested size: 387.31296pt x 256.0748pt.
 [50 <D:/Box Sync/EasyLatexTemplate/EasyLatexTemplate/HybridFractureTable.png> 
<D:/Box Sync/EasyLatexTemplate/EasyLatexTemplate/SiFractureTDCB.png>]
Package epstopdf Info: Source file: <CSRSENB.eps>
(epstopdf)                    date: 2016-05-20 14:11:42
(epstopdf)                    size: 51367 bytes
(epstopdf)             Output file: <CSRSENB-eps-converted-to.pdf>
(epstopdf)                    date: 2016-05-20 14:14:42
(epstopdf)                    size: 25103 bytes
(epstopdf)             Command: <epstopdf --outfile=CSRSENB-eps-converted-to.pd
f CSRSENB.eps>
(epstopdf)             \includegraphics on input line 921.
Package epstopdf Info: Output file is already uptodate.

<CSRSENB-eps-converted-to.pdf, id=1016, 825.0825pt x 577.15625pt>
File: CSRSENB-eps-converted-to.pdf Graphic file (type pdf)

<use CSRSENB-eps-converted-to.pdf>
Package pdftex.def Info: CSRSENB-eps-converted-to.pdf used on input line 921.
(pdftex.def)             Requested size: 406.76155pt x 284.52756pt.
 [51 <D:/Box Sync/EasyLatexTemplate/EasyLatexTemplate/CSRSENB-eps-converted-to.
pdf>] [52]
Missing character: There is no â in font cmr10!
Missing character: There is no € in font cmr10!
Missing character: There is no ™ in font cmr10!
Missing character: There is no Î in font cmr10!
Missing character: There is no ¶ in font cmr10!
Missing character: There is no Î in font cmr10!
Missing character: There is no · in font cmr10!

<ModulusTable.png, id=1078, 679.78969pt x 572.89032pt>
File: ModulusTable.png Graphic file (type png)
 <use ModulusTable.png>
Package pdftex.def Info: ModulusTable.png used on input line 953.
(pdftex.def)             Requested size: 236.33255pt x 199.16928pt.

[53 <D:/Box Sync/EasyLatexTemplate/EasyLatexTemplate/ModulusTable.png>]
Missing character: There is no Î in font cmr10!
Missing character: There is no ¨ in font cmr10!
Missing character: There is no Î in font cmr10!
Missing character: There is no ” in font cmr10!
Missing character: There is no Î in font cmr10!
Missing character: There is no ” in font cmr10!
Missing character: There is no Î in font cmr10!
Missing character: There is no ” in font cmr10!
Missing character: There is no Î in font cmr10!
Missing character: There is no ” in font cmr10!
Missing character: There is no Î in font cmr10!
Missing character: There is no ” in font cmr10!
Missing character: There is no Î in font cmr10!
Missing character: There is no ” in font cmr10!
Missing character: There is no ï in font cmr10!
Missing character: There is no  in font cmr10!
Missing character: There is no ³ in font cmr10!
Missing character: There is no ï in font cmr10!
Missing character: There is no  in font cmr10!
Missing character: There is no § in font cmr10!

Overfull \hbox (18.22697pt too wide) detected at line 991
[][]\OML/cmm/m/it/10.95 F[]\OT1/cmr/m/n/10.95 (\OML/cmm/m/it/10.95 r[]\OT1/cmr/
m/n/10.95 ) = \OML/cmm/m/it/10.95 r[] []
 []

Missing character: There is no Î in font cmr10!
Missing character: There is no ¼ in font cmr10!
Missing character: There is no â in font cmr10!
Missing character: There is no ˆ in font cmr10!
Missing character: There is no š in font cmr10!
Missing character: There is no Â in font cmr10!
Missing character: There is no µ in font cmr10!
[54] [55]
Missing character: There is no Ï in font cmr10!
Missing character: There is no € in font cmr10!
Missing character: There is no Ï in font cmr10!
Missing character: There is no € in font cmr10!
Missing character: There is no Î in font cmr10!
Missing character: There is no ¼ in font cmr10!
 <parameters.png, id=1105, 1315.16344pt x 344.03531pt>
File: parameters.png Graphic file (type png)

<use parameters.png>
Package pdftex.def Info: parameters.png used on input line 1065.
(pdftex.def)             Requested size: 435.06886pt x 113.81102pt.

Overfull \hbox (19.65837pt too wide) in paragraph at lines 1065--1066
 [][] 
 []

[56 <D:/Box Sync/EasyLatexTemplate/EasyLatexTemplate/parameters.png>]
<modulusPredictionSi.png, id=1115, 989.94844pt x 714.41907pt>
File: modulusPredictionSi.png Graphic file (type png)

<use modulusPredictionSi.png>
Package pdftex.def Info: modulusPredictionSi.png used on input line 1076.
(pdftex.def)             Requested size: 315.40028pt x 227.62204pt.

<modulusPredictionSiTable.png, id=1116, 747.54282pt x 694.84593pt>
File: modulusPredictionSiTable.png Graphic file (type png)

<use modulusPredictionSiTable.png>
Package pdftex.def Info: modulusPredictionSiTable.png used on input line 1083.
(pdftex.def)             Requested size: 214.27242pt x 199.16928pt.
 [57 <D:/Box Sync/EasyLatexTemplate/EasyLatexTemplate/modulusPredictionSi.png> 
<D:/Box Sync/EasyLatexTemplate/EasyLatexTemplate/modulusPredictionSiTable.png>]

<modulusPredictionCSR.png, id=1123, 1006.51031pt x 714.41907pt>
File: modulusPredictionCSR.png Graphic file (type png)

<use modulusPredictionCSR.png>
Package pdftex.def Info: modulusPredictionCSR.png used on input line 1092.
(pdftex.def)             Requested size: 320.67694pt x 227.62204pt.

<predictionTableCSR.png, id=1124, 785.18344pt x 706.89093pt>
File: predictionTableCSR.png Graphic file (type png)

<use predictionTableCSR.png>
Package pdftex.def Info: predictionTableCSR.png used on input line 1099.
(pdftex.def)             Requested size: 189.62201pt x 170.71652pt.
Package epstopdf Info: Source file: <HybridModulusPredictions.eps>
(epstopdf)                    date: 2016-05-20 17:11:51
(epstopdf)                    size: 50971 bytes
(epstopdf)             Output file: <HybridModulusPredictions-eps-converted-to.
pdf>
(epstopdf)                    date: 2016-05-20 17:30:14
(epstopdf)                    size: 22478 bytes
(epstopdf)             Command: <epstopdf --outfile=HybridModulusPredictions-ep
s-converted-to.pdf HybridModulusPredictions.eps>
(epstopdf)             \includegraphics on input line 1108.
Package epstopdf Info: Output file is already uptodate.

<HybridModulusPredictions-eps-converted-to.pdf, id=1125, 825.0825pt x 577.15625
pt>
File: HybridModulusPredictions-eps-converted-to.pdf Graphic file (type pdf)
 <use HybridModulusPredictions-eps-converted-to.pdf>
Package pdftex.def Info: HybridModulusPredictions-eps-converted-to.pdf used on 
input line 1108.
(pdftex.def)             Requested size: 325.40672pt x 227.62204pt.

<predictionTableHybrid.png, id=1126, 855.94781pt x 699.36281pt>
File: predictionTableHybrid.png Graphic file (type png)

<use predictionTableHybrid.png>
Package pdftex.def Info: predictionTableHybrid.png used on input line 1115.
(pdftex.def)             Requested size: 208.93193pt x 170.71652pt.
 [58 <D:/Box Sync/EasyLatexTemplate/EasyLatexTemplate/modulusPredictionCSR.png>
] [59 <D:/Box Sync/EasyLatexTemplate/EasyLatexTemplate/predictionTableCSR.png> 
<D:/Box Sync/EasyLatexTemplate/EasyLatexTemplate/HybridModulusPredictions-eps-c
onverted-to.pdf>]
<FracturePredictionTable.png, id=1189, 914.66719pt x 690.32906pt>
File: FracturePredictionTable.png Graphic file (type png)

<use FracturePredictionTable.png>
Package pdftex.def Info: FracturePredictionTable.png used on input line 1134.
(pdftex.def)             Requested size: 263.8929pt x 199.16928pt.

<FracturePredictionTable2.png, id=1190, 851.43094pt x 708.39656pt>
File: FracturePredictionTable2.png Graphic file (type png)

<use FracturePredictionTable2.png>
Package pdftex.def Info: FracturePredictionTable2.png used on input line 1140.
(pdftex.def)             Requested size: 273.58076pt x 227.62204pt.

<FracturePredictionTableShear.png, id=1191, 1000.48781pt x 694.84593pt>
File: FracturePredictionTableShear.png Graphic file (type png)

<use FracturePredictionTableShear.png>
Package pdftex.def Info: FracturePredictionTableShear.png used on input line 11
46.
(pdftex.def)             Requested size: 286.77547pt x 199.16928pt.

<predictionTableSi.png, id=1192, 899.61093pt x 652.68843pt>
File: predictionTableSi.png Graphic file (type png)

<use predictionTableSi.png>
Package pdftex.def Info: predictionTableSi.png used on input line 1152.
(pdftex.def)             Requested size: 274.51134pt x 199.16928pt.
Package epstopdf Info: Source file: <FracturePrediction-Si.eps>
(epstopdf)                    date: 2016-05-23 18:19:00
(epstopdf)                    size: 49681 bytes
(epstopdf)             Output file: <FracturePrediction-Si-eps-converted-to.pdf
>
(epstopdf)                    date: 2016-05-23 18:19:25
(epstopdf)                    size: 21039 bytes
(epstopdf)             Command: <epstopdf --outfile=FracturePrediction-Si-eps-c
onverted-to.pdf FracturePrediction-Si.eps>
(epstopdf)             \includegraphics on input line 1157.
Package epstopdf Info: Output file is already uptodate.

<FracturePrediction-Si-eps-converted-to.pdf, id=1193, 825.0825pt x 577.15625pt>
File: FracturePrediction-Si-eps-converted-to.pdf Graphic file (type pdf)
<use FracturePrediction-Si-eps-converted-to.pdf>
Package pdftex.def Info: FracturePrediction-Si-eps-converted-to.pdf used on inp
ut line 1157.
(pdftex.def)             Requested size: 366.08414pt x 256.0748pt.

<FracturePredictionTableCSR.png, id=1194, 1146.53343pt x 636.12656pt>
File: FracturePredictionTableCSR.png Graphic file (type png)

<use FracturePredictionTableCSR.png>
Package pdftex.def Info: FracturePredictionTableCSR.png used on input line 1167
.
(pdftex.def)             Requested size: 256.40187pt x 142.26378pt.

<FracturePredictionCSR.png, id=1195, 1000.48781pt x 720.44156pt>
File: FracturePredictionCSR.png Graphic file (type png)

<use FracturePredictionCSR.png>
Package pdftex.def Info: FracturePredictionCSR.png used on input line 1172.
(pdftex.def)             Requested size: 355.61075pt x 256.0748pt.
 [60 <D:/Box Sync/EasyLatexTemplate/EasyLatexTemplate/predictionTableHybrid.png
>] [61 <D:/Box Sync/EasyLatexTemplate/EasyLatexTemplate/FracturePredictionTable
.png> <D:/Box Sync/EasyLatexTemplate/EasyLatexTemplate/FracturePredictionTable2
.png>] [62 <D:/Box Sync/EasyLatexTemplate/EasyLatexTemplate/FracturePredictionT
ableShear.png> <D:/Box Sync/EasyLatexTemplate/EasyLatexTemplate/predictionTable
Si.png>] [63 <D:/Box Sync/EasyLatexTemplate/EasyLatexTemplate/FracturePredictio
n-Si-eps-converted-to.pdf> <D:/Box Sync/EasyLatexTemplate/EasyLatexTemplate/Fra
cturePredictionTableCSR.png>]
<FracturePredictionTable3.png, id=1260, 1319.68031pt x 637.63219pt>
File: FracturePredictionTable3.png Graphic file (type png)

<use FracturePredictionTable3.png>
Package pdftex.def Info: FracturePredictionTable3.png used on input line 1182.
(pdftex.def)             Requested size: 294.43845pt x 142.26378pt.

<FracturePredictionHybrid.png, id=1261, 1030.60031pt x 721.94719pt>
File: FracturePredictionHybrid.png Graphic file (type png)

<use FracturePredictionHybrid.png>
Package pdftex.def Info: FracturePredictionHybrid.png used on input line 1187.
(pdftex.def)             Requested size: 406.1627pt x 284.52756pt.
 [64 <D:/Box Sync/EasyLatexTemplate/EasyLatexTemplate/FracturePredictionCSR.png
>] [65 <D:/Box Sync/EasyLatexTemplate/EasyLatexTemplate/FracturePredictionTable
3.png> <D:/Box Sync/EasyLatexTemplate/EasyLatexTemplate/FracturePredictionHybri
d.png>]
<TDCBCSR101.jpg, id=1274, 361.35pt x 271.0125pt>
File: TDCBCSR101.jpg Graphic file (type jpg)
 <use TDCBCSR101.jpg>
Package pdftex.def Info: TDCBCSR101.jpg used on input line 1204.
(pdftex.def)             Requested size: 189.68953pt x 142.26378pt.

<CSR0_1ms.jpg, id=1275, 361.35pt x 271.0125pt>
File: CSR0_1ms.jpg Graphic file (type jpg)
 <use CSR0_1ms.jpg>
Package pdftex.def Info: CSR0_1ms.jpg used on input line 1210.
(pdftex.def)             Requested size: 189.68953pt x 142.26378pt.

<ImageJ.png, id=1276, 670.75594pt x 711.4078pt>
File: ImageJ.png Graphic file (type png)
 <use ImageJ.png>
Package pdftex.def Info: ImageJ.png used on input line 1220.
(pdftex.def)             Requested size: 214.61557pt x 227.62204pt.

<CSRVoid1.jpg, id=1277, 361.35pt x 271.0125pt>
File: CSRVoid1.jpg Graphic file (type jpg)
 <use CSRVoid1.jpg>
Package pdftex.def Info: CSRVoid1.jpg used on input line 1226.
(pdftex.def)             Requested size: 189.68953pt x 142.26378pt.

<CSRVoid2.jpg, id=1278, 361.35pt x 271.0125pt>
File: CSRVoid2.jpg Graphic file (type jpg)
 <use CSRVoid2.jpg>
Package pdftex.def Info: CSRVoid2.jpg used on input line 1232.
(pdftex.def)             Requested size: 189.68953pt x 142.26378pt.
 [66 <D:/Box Sync/EasyLatexTemplate/EasyLatexTemplate/TDCBCSR101.jpg>] [67 <D:/
Box Sync/EasyLatexTemplate/EasyLatexTemplate/CSR0_1ms.jpg> <D:/Box Sync/EasyLat
exTemplate/EasyLatexTemplate/ImageJ.png>] [68 <D:/Box Sync/EasyLatexTemplate/Ea
syLatexTemplate/CSRVoid1.jpg> <D:/Box Sync/EasyLatexTemplate/EasyLatexTemplate/
CSRVoid2.jpg>] <CSRparticles1.jpg, id=1294, 361.35pt x 271.0125pt>
File: CSRparticles1.jpg Graphic file (type jpg)
 <use CSRparticles1.jpg>
Package pdftex.def Info: CSRparticles1.jpg used on input line 1241.
(pdftex.def)             Requested size: 189.68953pt x 142.26378pt.

<cutCSR.jpg, id=1295, 361.35pt x 271.0125pt>
File: cutCSR.jpg Graphic file (type jpg)
 <use cutCSR.jpg>
Package pdftex.def Info: cutCSR.jpg used on input line 1247.
(pdftex.def)             Requested size: 189.68953pt x 142.26378pt.

<DamagedCSR.jpg, id=1296, 361.35pt x 271.0125pt>
File: DamagedCSR.jpg Graphic file (type jpg)
 <use DamagedCSR.jpg>
Package pdftex.def Info: DamagedCSR.jpg used on input line 1253.
(pdftex.def)             Requested size: 189.68953pt x 142.26378pt.
 [69 <D:/Box Sync/EasyLatexTemplate/EasyLatexTemplate/CSRparticles1.jpg> <D:/Bo
x Sync/EasyLatexTemplate/EasyLatexTemplate/cutCSR.jpg>]
<CSR0_5.jpg, id=1302, 361.35pt x 271.0125pt>
File: CSR0_5.jpg Graphic file (type jpg)
 <use CSR0_5.jpg>
Package pdftex.def Info: CSR0_5.jpg used on input line 1262.
(pdftex.def)             Requested size: 189.68953pt x 142.26378pt.

<CSR3.jpg, id=1303, 361.35pt x 271.0125pt>
File: CSR3.jpg Graphic file (type jpg)
 <use CSR3.jpg>
Package pdftex.def Info: CSR3.jpg used on input line 1268.
(pdftex.def)             Requested size: 189.68953pt x 142.26378pt.

<CSR5.jpg, id=1304, 361.35pt x 271.0125pt>
File: CSR5.jpg Graphic file (type jpg)
 <use CSR5.jpg>
Package pdftex.def Info: CSR5.jpg used on input line 1274.
(pdftex.def)             Requested size: 189.68953pt x 142.26378pt.

<CSR10.jpg, id=1305, 361.35pt x 271.0125pt>
File: CSR10.jpg Graphic file (type jpg)
 <use CSR10.jpg>
Package pdftex.def Info: CSR10.jpg used on input line 1280.
(pdftex.def)             Requested size: 189.68953pt x 142.26378pt.
 [70 <D:/Box Sync/EasyLatexTemplate/EasyLatexTemplate/DamagedCSR.jpg>] [71 <D:/
Box Sync/EasyLatexTemplate/EasyLatexTemplate/CSR0_5.jpg> <D:/Box Sync/EasyLatex
Template/EasyLatexTemplate/CSR3.jpg> <D:/Box Sync/EasyLatexTemplate/EasyLatexTe
mplate/CSR5.jpg>]
<DeformedCSR.jpg, id=1316, 361.35pt x 271.0125pt>
File: DeformedCSR.jpg Graphic file (type jpg)
 <use DeformedCSR.jpg>
Package pdftex.def Info: DeformedCSR.jpg used on input line 1288.
(pdftex.def)             Requested size: 189.68953pt x 142.26378pt.

<DeformedCSR2.jpg, id=1317, 361.35pt x 271.0125pt>
File: DeformedCSR2.jpg Graphic file (type jpg)
 <use DeformedCSR2.jpg>
Package pdftex.def Info: DeformedCSR2.jpg used on input line 1294.
(pdftex.def)             Requested size: 189.68953pt x 142.26378pt.

<CSRVoids.jpg, id=1318, 361.35pt x 271.0125pt>
File: CSRVoids.jpg Graphic file (type jpg)
 <use CSRVoids.jpg>
Package pdftex.def Info: CSRVoids.jpg used on input line 1300.
(pdftex.def)             Requested size: 189.68953pt x 142.26378pt.

<CSRVoids2.jpg, id=1319, 1927.2pt x 1445.4pt>
File: CSRVoids2.jpg Graphic file (type jpg)
 <use CSRVoids2.jpg>
Package pdftex.def Info: CSRVoids2.jpg used on input line 1306.
(pdftex.def)             Requested size: 189.67299pt x 142.26378pt.
 [72 <D:/Box Sync/EasyLatexTemplate/EasyLatexTemplate/CSR10.jpg> <D:/Box Sync/E
asyLatexTemplate/EasyLatexTemplate/DeformedCSR.jpg>] [73 <D:/Box Sync/EasyLatex
Template/EasyLatexTemplate/DeformedCSR2.jpg> <D:/Box Sync/EasyLatexTemplate/Eas
yLatexTemplate/CSRVoids.jpg> <D:/Box Sync/EasyLatexTemplate/EasyLatexTemplate/C
SRVoids2.jpg>] <CSRRT.jpg, id=1329, 361.35pt x 271.0125pt>
File: CSRRT.jpg Graphic file (type jpg)
 <use CSRRT.jpg>
Package pdftex.def Info: CSRRT.jpg used on input line 1315.
(pdftex.def)             Requested size: 189.68953pt x 142.26378pt.

<CSR40.jpg, id=1330, 361.35pt x 271.0125pt>
File: CSR40.jpg Graphic file (type jpg)
 <use CSR40.jpg>
Package pdftex.def Info: CSR40.jpg used on input line 1321.
(pdftex.def)             Requested size: 189.68953pt x 142.26378pt.

<CSR80.jpg, id=1331, 361.35pt x 271.0125pt>
File: CSR80.jpg Graphic file (type jpg)
 <use CSR80.jpg>
Package pdftex.def Info: CSR80.jpg used on input line 1327.
(pdftex.def)             Requested size: 189.68953pt x 142.26378pt.
 [74 <D:/Box Sync/EasyLatexTemplate/EasyLatexTemplate/CSRRT.jpg> <D:/Box Sync/E
asyLatexTemplate/EasyLatexTemplate/CSR40.jpg>] <FETDCB.jpg, id=1336, 1226.33156
pt x 323.70938pt>
File: FETDCB.jpg Graphic file (type jpg)

<use FETDCB.jpg>
Package pdftex.def Info: FETDCB.jpg used on input line 1337.
(pdftex.def)             Requested size: 431.14984pt x 113.81102pt.

Overfull \hbox (15.73935pt too wide) in paragraph at lines 1337--1338
 [][] 
 []

<AlTable.jpg, id=1337, 773.13844pt x 438.8897pt>
File: AlTable.jpg Graphic file (type jpg)
 <use AlTable.jpg>
Package pdftex.def Info: AlTable.jpg used on input line 1347.
(pdftex.def)             Requested size: 200.48038pt x 113.81102pt.
 [75 <D:/Box Sync/EasyLatexTemplate/EasyLatexTemplate/CSR80.jpg> <D:/Box Sync/E
asyLatexTemplate/EasyLatexTemplate/FETDCB.jpg>]
<tractionCurve.jpg, id=1342, 1331.72531pt x 712.91344pt>
File: tractionCurve.jpg Graphic file (type jpg)

<use tractionCurve.jpg>
Package pdftex.def Info: tractionCurve.jpg used on input line 1355.
(pdftex.def)             Requested size: 372.04741pt x 199.16928pt.
Missing character: There is no â in font cmr10!
Missing character: There is no  in font cmr10!
Missing character: There is no „ in font cmr10!
 [76 <D:/Box Sync/EasyLatexTemplate/EasyLatexTemplate/AlTable.jpg> <D:/Box Sync
/EasyLatexTemplate/EasyLatexTemplate/tractionCurve.jpg>]
Package epstopdf Info: Source file: <FESi.eps>
(epstopdf)                    date: 2016-05-24 12:07:31
(epstopdf)                    size: 50842 bytes
(epstopdf)             Output file: <FESi-eps-converted-to.pdf>
(epstopdf)                    date: 2016-05-24 12:35:11
(epstopdf)                    size: 22578 bytes
(epstopdf)             Command: <epstopdf --outfile=FESi-eps-converted-to.pdf F
ESi.eps>
(epstopdf)             \includegraphics on input line 1384.
Package epstopdf Info: Output file is already uptodate.
<FESi-eps-converted-to.pdf, id=1350, 774.895pt x 593.21625pt>
File: FESi-eps-converted-to.pdf Graphic file (type pdf)

<use FESi-eps-converted-to.pdf>
Package pdftex.def Info: FESi-eps-converted-to.pdf used on input line 1384.
(pdftex.def)             Requested size: 371.67343pt x 284.52756pt.
Package epstopdf Info: Source file: <FECSR.eps>
(epstopdf)                    date: 2016-05-24 12:14:38
(epstopdf)                    size: 51203 bytes
(epstopdf)             Output file: <FECSR-eps-converted-to.pdf>
(epstopdf)                    date: 2016-05-24 12:35:13
(epstopdf)                    size: 23392 bytes
(epstopdf)             Command: <epstopdf --outfile=FECSR-eps-converted-to.pdf 
FECSR.eps>
(epstopdf)             \includegraphics on input line 1393.
Package epstopdf Info: Output file is already uptodate.

<FECSR-eps-converted-to.pdf, id=1351, 825.0825pt x 577.15625pt>
File: FECSR-eps-converted-to.pdf Graphic file (type pdf)

<use FECSR-eps-converted-to.pdf>
Package pdftex.def Info: FECSR-eps-converted-to.pdf used on input line 1393.
(pdftex.def)             Requested size: 406.76155pt x 284.52756pt.
 [77] [78 <D:/Box Sync/EasyLatexTemplate/EasyLatexTemplate/FESi-eps-converted-t
o.pdf>] [79 <D:/Box Sync/EasyLatexTemplate/EasyLatexTemplate/FECSR-eps-converte
d-to.pdf>]
Missing character: There is no â in font cmr10!
Missing character: There is no € in font cmr10!
Missing character: There is no ˜ in font cmr10!
Missing character: There is no â in font cmr10!
Missing character: There is no € in font cmr10!
Missing character: There is no ™ in font cmr10!
Missing character: There is no â in font cmr10!
Missing character: There is no € in font cmr10!
Missing character: There is no ” in font cmr10!
Missing character: There is no â in font cmr10!
Missing character: There is no € in font cmr10!
Missing character: There is no “ in font cmr10!
Missing character: There is no â in font cmr10!
Missing character: There is no € in font cmr10!
Missing character: There is no œ in font cmr10!
Missing character: There is no â in font cmr10!
Missing character: There is no € in font cmr10!
Missing character: There is no ™ in font cmr10!
Missing character: There is no â in font cmr10!
Missing character: There is no € in font cmr10!
Missing character: There is no  in font cmr10!
Missing character: There is no â in font cmr10!
Missing character: There is no € in font cmr10!
Missing character: There is no “ in font cmr10!

Overfull \hbox (32.64786pt too wide) in paragraph at lines 1407--1489
\OT1/cmr/m/n/10.95 21. Johnsen, B.B., A.J. Kin-loch, and A.C. Tay-lor, Tough-ne
ss of syn-dio-tac-tic polystyrene/epoxy
 []


Underfull \hbox (badness 10000) in paragraph at lines 1407--1489

 []

[80] [81] [82] [83] [84]
Package atveryend Info: Empty hook `BeforeClearDocument' on input line 1497.
 [85]
Package atveryend Info: Empty hook `AfterLastShipout' on input line 1497.

("D:\Box Sync\EasyLatexTemplate\EasyLatexTemplate\Report.aux")
Package atveryend Info: Executing hook `AtVeryEndDocument' on input line 1497.
Package atveryend Info: Executing hook `AtEndAfterFileList' on input line 1497.

Package rerunfilecheck Info: File `Report.out' has not changed.
(rerunfilecheck)             Checksum: DC59964F1D2ACA065341107B52E45A66;5086.
Package atveryend Info: Empty hook `AtVeryVeryEnd' on input line 1497.
 ) 
Here is how much of TeX's memory you used:
 15470 strings out of 494045
 255560 string characters out of 3148388
 443708 words of memory out of 3000000
 18088 multiletter control sequences out of 15000+200000
 14816 words of font info for 60 fonts, out of 3000000 for 9000
 715 hyphenation exceptions out of 8191
 54i,8n,68p,1907b,503s stack positions out of 5000i,500n,10000p,200000b,50000s
<D:/Program Files/MiKTeX 2.9/fonts/type1/public/amsfonts/cm/cmbx10.pfb><D:/Pr
ogram Files/MiKTeX 2.9/fonts/type1/public/amsfonts/cm/cmbx12.pfb><D:/Program Fi
les/MiKTeX 2.9/fonts/type1/public/amsfonts/cm/cmex10.pfb><D:/Program Files/MiKT
eX 2.9/fonts/type1/public/amsfonts/cm/cmmi10.pfb><D:/Program Files/MiKTeX 2.9/f
onts/type1/public/amsfonts/cm/cmmi12.pfb><D:/Program Files/MiKTeX 2.9/fonts/typ
e1/public/amsfonts/cm/cmmi8.pfb><D:/Program Files/MiKTeX 2.9/fonts/type1/public
/amsfonts/cm/cmr10.pfb><D:/Program Files/MiKTeX 2.9/fonts/type1/public/amsfonts
/cm/cmr12.pfb><D:/Program Files/MiKTeX 2.9/fonts/type1/public/amsfonts/cm/cmr8.
pfb><D:/Program Files/MiKTeX 2.9/fonts/type1/public/amsfonts/cm/cmsy10.pfb><D:/
Program Files/MiKTeX 2.9/fonts/type1/public/amsfonts/cm/cmsy8.pfb>
Output written on Report.pdf (94 pages, 62320040 bytes).
PDF statistics:
 1594 PDF objects out of 1728 (max. 8388607)
 329 named destinations out of 1000 (max. 500000)
 993 words of extra memory for PDF output out of 10000 (max. 10000000)

