\BOOKMARK [0][-]{chapter.1}{Declaration}{}% 1
\BOOKMARK [1][-]{chapter*.1}{Abstract}{chapter.1}% 2
\BOOKMARK [0][-]{chapter.2}{Introduction}{}% 3
\BOOKMARK [1][-]{section.2.1}{Introduction}{chapter.2}% 4
\BOOKMARK [0][-]{chapter.3}{Literature review}{}% 5
\BOOKMARK [1][-]{section.3.1}{Introduction}{chapter.3}% 6
\BOOKMARK [2][-]{subsection.3.1.1}{Rubber-toughened epoxy}{section.3.1}% 7
\BOOKMARK [2][-]{subsection.3.1.2}{Silica-toughened epoxy}{section.3.1}% 8
\BOOKMARK [2][-]{subsection.3.1.3}{Other materials used}{section.3.1}% 9
\BOOKMARK [2][-]{subsection.3.1.4}{Fracture mechanics}{section.3.1}% 10
\BOOKMARK [2][-]{subsection.3.1.5}{Fracture toughness}{section.3.1}% 11
\BOOKMARK [2][-]{subsection.3.1.6}{Tapered double cantilever beam \(TDCB\)}{section.3.1}% 12
\BOOKMARK [2][-]{subsection.3.1.7}{Types of crack growth}{section.3.1}% 13
\BOOKMARK [2][-]{subsection.3.1.8}{Single-edge notch bending \(SENB\)}{section.3.1}% 14
\BOOKMARK [1][-]{section.3.2}{Toughening mechanisms}{chapter.3}% 15
\BOOKMARK [2][-]{subsection.3.2.1}{Introduction}{section.3.2}% 16
\BOOKMARK [2][-]{subsection.3.2.2}{Shear bands and shear yielding}{section.3.2}% 17
\BOOKMARK [2][-]{subsection.3.2.3}{Crack pinning}{section.3.2}% 18
\BOOKMARK [2][-]{subsection.3.2.4}{Crack deflection}{section.3.2}% 19
\BOOKMARK [2][-]{subsection.3.2.5}{Cavitation}{section.3.2}% 20
\BOOKMARK [2][-]{subsection.3.2.6}{Debonding}{section.3.2}% 21
\BOOKMARK [2][-]{subsection.3.2.7}{Rubber bridging}{section.3.2}% 22
\BOOKMARK [2][-]{subsection.3.2.8}{Plastic void growth}{section.3.2}% 23
\BOOKMARK [2][-]{subsection.3.2.9}{Modelling toughening mechanisms}{section.3.2}% 24
\BOOKMARK [2][-]{subsection.3.2.10}{High rate testing}{section.3.2}% 25
\BOOKMARK [2][-]{subsection.3.2.11}{Uncertainties}{section.3.2}% 26
\BOOKMARK [2][-]{subsection.3.2.12}{Geometry factor}{section.3.2}% 27
\BOOKMARK [2][-]{subsection.3.2.13}{Toughening mechanisms}{section.3.2}% 28
\BOOKMARK [1][-]{section.3.3}{Conclusions}{chapter.3}% 29
\BOOKMARK [0][-]{chapter.4}{Experimental work}{}% 30
\BOOKMARK [1][-]{section.4.1}{Introduction}{chapter.4}% 31
\BOOKMARK [1][-]{section.4.2}{Materials and methods}{chapter.4}% 32
\BOOKMARK [2][-]{subsection.4.2.1}{Materials}{section.4.2}% 33
\BOOKMARK [2][-]{subsection.4.2.2}{TDCB specimen preparation}{section.4.2}% 34
\BOOKMARK [2][-]{subsection.4.2.3}{Differential scanning calorimetry \(DSC\) tests}{section.4.2}% 35
\BOOKMARK [2][-]{subsection.4.2.4}{Quasi-static rate tests}{section.4.2}% 36
\BOOKMARK [2][-]{subsection.4.2.5}{Initial loading and re-loading}{section.4.2}% 37
\BOOKMARK [2][-]{subsection.4.2.6}{Initiation and propagation values}{section.4.2}% 38
\BOOKMARK [2][-]{subsection.4.2.7}{Determination of Gc in TDCB}{section.4.2}% 39
\BOOKMARK [2][-]{subsection.4.2.8}{Field emission gun scanning electron microscopy \(FEG-SEM\)}{section.4.2}% 40
\BOOKMARK [2][-]{subsection.4.2.9}{Scanning electron microscopy}{section.4.2}% 41
\BOOKMARK [2][-]{subsection.4.2.10}{Fracture energies}{section.4.2}% 42
\BOOKMARK [2][-]{subsection.4.2.11}{Fracture surfaces}{section.4.2}% 43
\BOOKMARK [1][-]{section.4.3}{High rate testing}{chapter.4}% 44
\BOOKMARK [2][-]{subsection.4.3.1}{Introduction}{section.4.3}% 45
\BOOKMARK [2][-]{subsection.4.3.2}{TDCB high test rate set up}{section.4.3}% 46
\BOOKMARK [1][-]{section.4.4}{High rate data reduction strategy}{chapter.4}% 47
\BOOKMARK [2][-]{subsection.4.4.1}{Fracture types}{section.4.4}% 48
\BOOKMARK [2][-]{subsection.4.4.2}{Data analysis}{section.4.4}% 49
\BOOKMARK [2][-]{subsection.4.4.3}{High rate TDCB results}{section.4.4}% 50
\BOOKMARK [1][-]{section.4.5}{Tensile testing}{chapter.4}% 51
\BOOKMARK [2][-]{subsection.4.5.1}{Introduction}{section.4.5}% 52
\BOOKMARK [2][-]{subsection.4.5.2}{Results}{section.4.5}% 53
\BOOKMARK [1][-]{section.4.6}{Single-edge notch bending \(SENB\) tests}{chapter.4}% 54
\BOOKMARK [2][-]{subsection.4.6.1}{Introduction}{section.4.6}% 55
\BOOKMARK [2][-]{subsection.4.6.2}{Testing}{section.4.6}% 56
\BOOKMARK [2][-]{subsection.4.6.3}{Results}{section.4.6}% 57
\BOOKMARK [2][-]{subsection.4.6.4}{Quasi-static fracture energy \(from TDCB and SENB\)}{section.4.6}% 58
\BOOKMARK [1][-]{section.4.7}{Analytical models}{chapter.4}% 59
\BOOKMARK [2][-]{subsection.4.7.1}{Halpin-Tsai model}{section.4.7}% 60
\BOOKMARK [2][-]{subsection.4.7.2}{Huang \046 Kinloch fracture model}{section.4.7}% 61
\BOOKMARK [2][-]{subsection.4.7.3}{Shear band yielding}{section.4.7}% 62
\BOOKMARK [2][-]{subsection.4.7.4}{Plastic zone size consideration}{section.4.7}% 63
\BOOKMARK [2][-]{subsection.4.7.5}{Predicted results}{section.4.7}% 64
\BOOKMARK [1][-]{section.4.8}{Scanning electron microscopy}{chapter.4}% 65
\BOOKMARK [2][-]{subsection.4.8.1}{Introduction}{section.4.8}% 66
\BOOKMARK [2][-]{subsection.4.8.2}{SEM results}{section.4.8}% 67
\BOOKMARK [1][-]{section.4.9}{Finite element analysis \(FEA\)}{chapter.4}% 68
\BOOKMARK [2][-]{subsection.4.9.1}{Finite element analysis introduction}{section.4.9}% 69
\BOOKMARK [2][-]{subsection.4.9.2}{Finite element analysis results}{section.4.9}% 70
\BOOKMARK [2][-]{subsection.4.9.3}{Progress}{section.4.9}% 71
\BOOKMARK [1][-]{section.4.10}{W210 and PES materials}{chapter.4}% 72
\BOOKMARK [2][-]{subsection.4.10.1}{Materials information}{section.4.10}% 73
\BOOKMARK [2][-]{subsection.4.10.2}{Tensile results of PES and W210}{section.4.10}% 74
\BOOKMARK [1][-]{section.4.11}{Low temperature SENB}{chapter.4}% 75
\BOOKMARK [2][-]{subsection.4.11.1}{Low temperature SENB results \(Silica, CSR and Hybrid of both\)}{section.4.11}% 76
\BOOKMARK [2][-]{subsection.4.11.2}{Fracture energy predictions}{section.4.11}% 77
\BOOKMARK [2][-]{subsection.4.11.3}{Analytical model modulus predictions}{section.4.11}% 78
\BOOKMARK [1][-]{section.4.12}{Conclusions}{chapter.4}% 79
\BOOKMARK [1][-]{section.4.12}{References}{chapter.4}% 80
\BOOKMARK [0][-]{appendix.A}{Appendices}{}% 81
\BOOKMARK [1][-]{section.A.1}{Input file-TDCB model}{appendix.A}% 82
