\BOOKMARK [1][-]{chapter*.1}{Abstract}{}% 1
\BOOKMARK [0][-]{chapter.1}{Introduction}{}% 2
\BOOKMARK [1][-]{section.1.1}{Introduction}{chapter.1}% 3
\BOOKMARK [0][-]{chapter.2}{Literature review}{}% 4
\BOOKMARK [1][-]{section.2.1}{Introduction}{chapter.2}% 5
\BOOKMARK [2][-]{subsection.2.1.1}{Rubber-toughened epoxy}{section.2.1}% 6
\BOOKMARK [2][-]{subsection.2.1.2}{Silica-toughened epoxy}{section.2.1}% 7
\BOOKMARK [2][-]{subsection.2.1.3}{Fracture mechanics}{section.2.1}% 8
\BOOKMARK [2][-]{subsection.2.1.4}{Fracture toughness}{section.2.1}% 9
\BOOKMARK [2][-]{subsection.2.1.5}{Tapered double cantilever beam \(TDCB\)}{section.2.1}% 10
\BOOKMARK [2][-]{subsection.2.1.6}{Types of crack growth}{section.2.1}% 11
\BOOKMARK [2][-]{subsection.2.1.7}{Single-edge notch bending \(SENB\)}{section.2.1}% 12
\BOOKMARK [1][-]{section.2.2}{Toughening mechanisms}{chapter.2}% 13
\BOOKMARK [2][-]{subsection.2.2.1}{Introduction}{section.2.2}% 14
\BOOKMARK [2][-]{subsection.2.2.2}{Shear bands and shear yielding}{section.2.2}% 15
\BOOKMARK [2][-]{subsection.2.2.3}{Crack pinning}{section.2.2}% 16
\BOOKMARK [2][-]{subsection.2.2.4}{Crack deflection}{section.2.2}% 17
\BOOKMARK [2][-]{subsection.2.2.5}{Cavitation}{section.2.2}% 18
\BOOKMARK [2][-]{subsection.2.2.6}{Debonding}{section.2.2}% 19
\BOOKMARK [2][-]{subsection.2.2.7}{Rubber bridging}{section.2.2}% 20
\BOOKMARK [2][-]{subsection.2.2.8}{Plastic void growth}{section.2.2}% 21
\BOOKMARK [2][-]{subsection.2.2.9}{Modelling toughening mechanisms}{section.2.2}% 22
\BOOKMARK [2][-]{subsection.2.2.10}{High rate testing}{section.2.2}% 23
\BOOKMARK [2][-]{subsection.2.2.11}{Uncertainties}{section.2.2}% 24
\BOOKMARK [2][-]{subsection.2.2.12}{Geometry factor}{section.2.2}% 25
\BOOKMARK [2][-]{subsection.2.2.13}{Toughening mechanisms}{section.2.2}% 26
\BOOKMARK [1][-]{section.2.3}{Conclusions}{chapter.2}% 27
\BOOKMARK [1][-]{section.2.4}{Experimental work}{chapter.2}% 28
\BOOKMARK [2][-]{subsection.2.4.1}{Introduction}{section.2.4}% 29
\BOOKMARK [1][-]{section.2.5}{Materials and methods}{chapter.2}% 30
\BOOKMARK [2][-]{subsection.2.5.1}{Materials}{section.2.5}% 31
\BOOKMARK [2][-]{subsection.2.5.2}{TDCB specimen preparation}{section.2.5}% 32
\BOOKMARK [2][-]{subsection.2.5.3}{Differential scanning calorimetry \(DSC\) tests}{section.2.5}% 33
\BOOKMARK [2][-]{subsection.2.5.4}{Quasi-static rate tests}{section.2.5}% 34
\BOOKMARK [2][-]{subsection.2.5.5}{Initial loading and re-loading}{section.2.5}% 35
\BOOKMARK [2][-]{subsection.2.5.6}{Initiation and propagation values}{section.2.5}% 36
\BOOKMARK [2][-]{subsection.2.5.7}{Determination of Gc in TDCB}{section.2.5}% 37
\BOOKMARK [2][-]{subsection.2.5.8}{Field emission gun scanning electron microscopy \(FEG-SEM\)}{section.2.5}% 38
\BOOKMARK [2][-]{subsection.2.5.9}{Scanning electron microscopy}{section.2.5}% 39
\BOOKMARK [2][-]{subsection.2.5.10}{Fracture energies}{section.2.5}% 40
\BOOKMARK [2][-]{subsection.2.5.11}{Fracture surfaces}{section.2.5}% 41
\BOOKMARK [1][-]{section.2.6}{High rate testing}{chapter.2}% 42
\BOOKMARK [2][-]{subsection.2.6.1}{Introduction}{section.2.6}% 43
\BOOKMARK [2][-]{subsection.2.6.2}{TDCB high test rate set up}{section.2.6}% 44
\BOOKMARK [1][-]{section.2.7}{High rate data reduction strategy}{chapter.2}% 45
\BOOKMARK [2][-]{subsection.2.7.1}{Fracture types}{section.2.7}% 46
\BOOKMARK [2][-]{subsection.2.7.2}{Data analysis}{section.2.7}% 47
\BOOKMARK [1][-]{section.2.8}{Tensile testing}{chapter.2}% 48
\BOOKMARK [2][-]{subsection.2.8.1}{Introduction}{section.2.8}% 49
\BOOKMARK [2][-]{subsection.2.8.2}{Results}{section.2.8}% 50
\BOOKMARK [1][-]{section.2.9}{Single-edge notch bending \(SENB\) tests}{chapter.2}% 51
\BOOKMARK [2][-]{subsection.2.9.1}{Introduction}{section.2.9}% 52
\BOOKMARK [2][-]{subsection.2.9.2}{Testing}{section.2.9}% 53
\BOOKMARK [2][-]{subsection.2.9.3}{Results}{section.2.9}% 54
\BOOKMARK [2][-]{subsection.2.9.4}{Quasi-static fracture energy \(from TDCB and SENB\)}{section.2.9}% 55
\BOOKMARK [1][-]{section.2.10}{Analytical models}{chapter.2}% 56
\BOOKMARK [2][-]{subsection.2.10.1}{Halpin-Tsai model}{section.2.10}% 57
\BOOKMARK [2][-]{subsection.2.10.2}{Huang \046 Kinloch fracture model}{section.2.10}% 58
\BOOKMARK [2][-]{subsection.2.10.3}{Shear band yielding}{section.2.10}% 59
\BOOKMARK [2][-]{subsection.2.10.4}{Plastic zone size consideration}{section.2.10}% 60
\BOOKMARK [2][-]{subsection.2.10.5}{Predicted results}{section.2.10}% 61
\BOOKMARK [1][-]{section.2.11}{Scanning electron microscopy}{chapter.2}% 62
\BOOKMARK [2][-]{subsection.2.11.1}{Introduction}{section.2.11}% 63
\BOOKMARK [2][-]{subsection.2.11.2}{SEM results}{section.2.11}% 64
\BOOKMARK [1][-]{section.2.12}{Finite element analysis \(FEA\)}{chapter.2}% 65
\BOOKMARK [2][-]{subsection.2.12.1}{Finite element analysis introduction}{section.2.12}% 66
\BOOKMARK [2][-]{subsection.2.12.2}{Finite element analysis results}{section.2.12}% 67
\BOOKMARK [2][-]{subsection.2.12.3}{Progress}{section.2.12}% 68
\BOOKMARK [1][-]{section.2.13}{Conclusions}{chapter.2}% 69
