\BOOKMARK [1][-]{chapter*.1}{Abstract}{}% 1
\BOOKMARK [0][-]{chapter*.5}{Nomenclature}{}% 2
\BOOKMARK [0][-]{chapter.1}{Introduction}{}% 3
\BOOKMARK [1][-]{section.1.1}{Introduction}{chapter.1}% 4
\BOOKMARK [1][-]{section.1.2}{Structure of thesis}{chapter.1}% 5
\BOOKMARK [0][-]{chapter.2}{Literature review}{}% 6
\BOOKMARK [1][-]{section.2.1}{Epoxy adhesives}{chapter.2}% 7
\BOOKMARK [2][-]{subsection.2.1.1}{Introduction}{section.2.1}% 8
\BOOKMARK [2][-]{subsection.2.1.2}{Rubber-toughened epoxy}{section.2.1}% 9
\BOOKMARK [2][-]{subsection.2.1.3}{silica-toughened epoxy}{section.2.1}% 10
\BOOKMARK [2][-]{subsection.2.1.4}{Polyethersulphone-toughened epoxy}{section.2.1}% 11
\BOOKMARK [2][-]{subsection.2.1.5}{Ceramic microspheres-toughened epoxy}{section.2.1}% 12
\BOOKMARK [2][-]{subsection.2.1.6}{Phase separation}{section.2.1}% 13
\BOOKMARK [1][-]{section.2.2}{Fracture mechanics}{chapter.2}% 14
\BOOKMARK [2][-]{subsection.2.2.1}{Introduction}{section.2.2}% 15
\BOOKMARK [2][-]{subsection.2.2.2}{Fracture energy}{section.2.2}% 16
\BOOKMARK [2][-]{subsection.2.2.3}{Plastic Zone Size}{section.2.2}% 17
\BOOKMARK [2][-]{subsection.2.2.4}{Tapered double cantilever beam \(TDCB\)}{section.2.2}% 18
\BOOKMARK [2][-]{subsection.2.2.5}{Types of crack growth}{section.2.2}% 19
\BOOKMARK [2][-]{subsection.2.2.6}{Single-edge notch bending \(SENB\)}{section.2.2}% 20
\BOOKMARK [1][-]{section.2.3}{High rate testing}{chapter.2}% 21
\BOOKMARK [2][-]{subsection.2.3.1}{Introduction}{section.2.3}% 22
\BOOKMARK [2][-]{subsection.2.3.2}{Uncertainties}{section.2.3}% 23
\BOOKMARK [2][-]{subsection.2.3.3}{Geometry factor}{section.2.3}% 24
\BOOKMARK [1][-]{section.2.4}{Toughening mechanisms}{chapter.2}% 25
\BOOKMARK [2][-]{subsection.2.4.1}{Introduction}{section.2.4}% 26
\BOOKMARK [2][-]{subsection.2.4.2}{Shear bands and shear yielding}{section.2.4}% 27
\BOOKMARK [2][-]{subsection.2.4.3}{Crack pinning}{section.2.4}% 28
\BOOKMARK [2][-]{subsection.2.4.4}{Crack deflection}{section.2.4}% 29
\BOOKMARK [2][-]{subsection.2.4.5}{Cavitation}{section.2.4}% 30
\BOOKMARK [2][-]{subsection.2.4.6}{Debonding}{section.2.4}% 31
\BOOKMARK [2][-]{subsection.2.4.7}{Rubber bridging}{section.2.4}% 32
\BOOKMARK [2][-]{subsection.2.4.8}{Plastic void growth}{section.2.4}% 33
\BOOKMARK [2][-]{subsection.2.4.9}{Modelling toughening mechanisms}{section.2.4}% 34
\BOOKMARK [1][-]{section.2.5}{Conclusions}{chapter.2}% 35
\BOOKMARK [0][-]{chapter.3}{Materials}{}% 36
\BOOKMARK [1][-]{section.3.1}{Introduction}{chapter.3}% 37
\BOOKMARK [1][-]{section.3.2}{Epoxy polymer}{chapter.3}% 38
\BOOKMARK [1][-]{section.3.3}{silica nanoparticles}{chapter.3}% 39
\BOOKMARK [1][-]{section.3.4}{Core shell rubber}{chapter.3}% 40
\BOOKMARK [1][-]{section.3.5}{CSR / silica hybrid}{chapter.3}% 41
\BOOKMARK [1][-]{section.3.6}{Polyethersulphone \(PES\)}{chapter.3}% 42
\BOOKMARK [1][-]{section.3.7}{PES / silica hybrid}{chapter.3}% 43
\BOOKMARK [1][-]{section.3.8}{Alumino silicate ceramic microspheres}{chapter.3}% 44
\BOOKMARK [1][-]{section.3.9}{Alumino silicate ceramic / CSR hybrid}{chapter.3}% 45
\BOOKMARK [1][-]{section.3.10}{Conclusions}{chapter.3}% 46
\BOOKMARK [0][-]{chapter.4}{Tapered Double Cantilever Beam}{}% 47
\BOOKMARK [1][-]{section.4.1}{Introduction}{chapter.4}% 48
\BOOKMARK [1][-]{section.4.2}{Experimental}{chapter.4}% 49
\BOOKMARK [2][-]{subsection.4.2.1}{TDCB specimen preparation}{section.4.2}% 50
\BOOKMARK [2][-]{subsection.4.2.2}{Differential scanning calorimetry \(DSC\) tests}{section.4.2}% 51
\BOOKMARK [2][-]{subsection.4.2.3}{Quasi-static rate tests}{section.4.2}% 52
\BOOKMARK [2][-]{subsection.4.2.4}{Initial loading and re-loading}{section.4.2}% 53
\BOOKMARK [2][-]{subsection.4.2.5}{Initiation and propagation values}{section.4.2}% 54
\BOOKMARK [2][-]{subsection.4.2.6}{Determination of Gc in TDCB}{section.4.2}% 55
\BOOKMARK [1][-]{section.4.3}{Quasi-static TDCB results}{chapter.4}% 56
\BOOKMARK [2][-]{subsection.4.3.1}{Fracture energies}{section.4.3}% 57
\BOOKMARK [2][-]{subsection.4.3.2}{Control}{section.4.3}% 58
\BOOKMARK [2][-]{subsection.4.3.3}{Silica-modified epoxy}{section.4.3}% 59
\BOOKMARK [2][-]{subsection.4.3.4}{CSR modified epoxy}{section.4.3}% 60
\BOOKMARK [2][-]{subsection.4.3.5}{Fracture surfaces}{section.4.3}% 61
\BOOKMARK [2][-]{subsection.4.3.6}{Conclusions}{section.4.3}% 62
\BOOKMARK [0][-]{chapter.5}{High Rate Tapered Double Cantilever Beam}{}% 63
\BOOKMARK [1][-]{section.5.1}{Introduction}{chapter.5}% 64
\BOOKMARK [1][-]{section.5.2}{TDCB high test rate set up}{chapter.5}% 65
\BOOKMARK [1][-]{section.5.3}{High rate data reduction strategy}{chapter.5}% 66
\BOOKMARK [2][-]{subsection.5.3.1}{Fracture types}{section.5.3}% 67
\BOOKMARK [2][-]{subsection.5.3.2}{Data analysis}{section.5.3}% 68
\BOOKMARK [3][-]{subsubsection.5.3.2.1}{Video analysis}{subsection.5.3.2}% 69
\BOOKMARK [3][-]{subsubsection.5.3.2.2}{Plots}{subsection.5.3.2}% 70
\BOOKMARK [3][-]{subsubsection.5.3.2.3}{Calculation of Gc values}{subsection.5.3.2}% 71
\BOOKMARK [1][-]{section.5.4}{High rate TDCB results}{chapter.5}% 72
\BOOKMARK [1][-]{section.5.5}{Conclusions}{chapter.5}% 73
\BOOKMARK [0][-]{chapter.6}{Single-Edge Notch Bending}{}% 74
\BOOKMARK [1][-]{section.6.1}{Introduction}{chapter.6}% 75
\BOOKMARK [1][-]{section.6.2}{Tensile tests}{chapter.6}% 76
\BOOKMARK [2][-]{subsection.6.2.1}{Introduction}{section.6.2}% 77
\BOOKMARK [2][-]{subsection.6.2.2}{Tensile test specimen preparation}{section.6.2}% 78
\BOOKMARK [2][-]{subsection.6.2.3}{Tensile test procedure}{section.6.2}% 79
\BOOKMARK [2][-]{subsection.6.2.4}{Tensile results}{section.6.2}% 80
\BOOKMARK [1][-]{section.6.3}{Quasi-static single-edge notch bending \(SENB\) tests}{chapter.6}% 81
\BOOKMARK [2][-]{subsection.6.3.1}{Introduction}{section.6.3}% 82
\BOOKMARK [2][-]{subsection.6.3.2}{Quasi-static specimen preparation}{section.6.3}% 83
\BOOKMARK [2][-]{subsection.6.3.3}{Quasi-static SENB test procedure}{section.6.3}% 84
\BOOKMARK [2][-]{subsection.6.3.4}{Quasi-static test rate SENB results}{section.6.3}% 85
\BOOKMARK [1][-]{section.6.4}{High rate SENB tests}{chapter.6}% 86
\BOOKMARK [2][-]{subsection.6.4.1}{Introduction}{section.6.4}% 87
\BOOKMARK [2][-]{subsection.6.4.2}{High rate SENB test procedure}{section.6.4}% 88
\BOOKMARK [2][-]{subsection.6.4.3}{High rate SENB test results}{section.6.4}% 89
\BOOKMARK [3][-]{subsubsection.6.4.3.1}{silica-modified epoxy}{subsection.6.4.3}% 90
\BOOKMARK [3][-]{subsubsection.6.4.3.2}{CSR-modified epoxy}{subsection.6.4.3}% 91
\BOOKMARK [3][-]{subsubsection.6.4.3.3}{Hybrid-modified epoxy}{subsection.6.4.3}% 92
\BOOKMARK [1][-]{section.6.5}{Low temperature SENB tests}{chapter.6}% 93
\BOOKMARK [2][-]{subsection.6.5.1}{Introduction}{section.6.5}% 94
\BOOKMARK [2][-]{subsection.6.5.2}{Low temperature SENB test procedure}{section.6.5}% 95
\BOOKMARK [2][-]{subsection.6.5.3}{Low temperature SENB test results}{section.6.5}% 96
\BOOKMARK [3][-]{subsubsection.6.5.3.1}{silica modified epoxy}{subsection.6.5.3}% 97
\BOOKMARK [3][-]{subsubsection.6.5.3.2}{CSR modified epoxy}{subsection.6.5.3}% 98
\BOOKMARK [3][-]{subsubsection.6.5.3.3}{Hybrid modified epoxy}{subsection.6.5.3}% 99
\BOOKMARK [1][-]{section.6.6}{Conclusions}{chapter.6}% 100
\BOOKMARK [0][-]{chapter.7}{Fracture energy comparison}{}% 101
\BOOKMARK [1][-]{section.7.1}{Introduction}{chapter.7}% 102
\BOOKMARK [1][-]{section.7.2}{Quasi-static fracture energy \(from TDCB and SENB\)}{chapter.7}% 103
\BOOKMARK [2][-]{subsection.7.2.1}{silica-modified epoxy}{section.7.2}% 104
\BOOKMARK [2][-]{subsection.7.2.2}{CSR-modified epoxy}{section.7.2}% 105
\BOOKMARK [2][-]{subsection.7.2.3}{Summary - Quasi-rate fracture energy}{section.7.2}% 106
\BOOKMARK [1][-]{section.7.3}{High rate fracture energy}{chapter.7}% 107
\BOOKMARK [2][-]{subsection.7.3.1}{Introduction}{section.7.3}% 108
\BOOKMARK [3][-]{subsubsection.7.3.1.1}{High rate SENB}{subsection.7.3.1}% 109
\BOOKMARK [3][-]{subsubsection.7.3.1.2}{High rate TDCB}{subsection.7.3.1}% 110
\BOOKMARK [3][-]{subsubsection.7.3.1.3}{Summary}{subsection.7.3.1}% 111
\BOOKMARK [1][-]{section.7.4}{Fracture energy from high rate and low temperature}{chapter.7}% 112
\BOOKMARK [2][-]{subsection.7.4.1}{Introduction}{section.7.4}% 113
\BOOKMARK [2][-]{subsecti